[2023-10-01 10:15:21,671] {taskinstance.py:851} INFO - Dependencies all met for <TaskInstance: postgres_v2.create_postgres_connection 2021-08-09T00:00:00+00:00 [queued]>
[2023-10-01 10:15:22,647] {taskinstance.py:851} INFO - Dependencies all met for <TaskInstance: postgres_v2.create_postgres_connection 2021-08-09T00:00:00+00:00 [queued]>
[2023-10-01 10:15:22,663] {taskinstance.py:1042} INFO - 
--------------------------------------------------------------------------------
[2023-10-01 10:15:22,677] {taskinstance.py:1043} INFO - Starting attempt 1 of 6
[2023-10-01 10:15:22,690] {taskinstance.py:1044} INFO - 
--------------------------------------------------------------------------------
[2023-10-01 10:15:23,329] {taskinstance.py:1063} INFO - Executing <Task(PostgresOperator): create_postgres_connection> on 2021-08-09T00:00:00+00:00
[2023-10-01 10:15:23,794] {standard_task_runner.py:52} INFO - Started process 47784 to run task
[2023-10-01 10:15:24,297] {standard_task_runner.py:76} INFO - Running: ['airflow', 'tasks', 'run', 'postgres_v2', 'create_postgres_connection', '2021-08-09T00:00:00+00:00', '--job-id', '2710', '--pool', 'default_pool', '--raw', '--subdir', 'DAGS_FOLDER/postgresql_example_2.py', '--cfg-path', '/tmp/tmpvw7pyajk', '--error-file', '/tmp/tmp8gq05_xe']
[2023-10-01 10:15:24,852] {standard_task_runner.py:77} INFO - Job 2710: Subtask create_postgres_connection
[2023-10-01 10:15:31,605] {logging_mixin.py:104} INFO - Running <TaskInstance: postgres_v2.create_postgres_connection 2021-08-09T00:00:00+00:00 [running]> on host d4ed655215d1
[2023-10-01 10:15:36,129] {taskinstance.py:1257} INFO - Exporting the following env vars:
AIRFLOW_CTX_DAG_OWNER=svastikkka
AIRFLOW_CTX_DAG_ID=postgres_v2
AIRFLOW_CTX_TASK_ID=create_postgres_connection
AIRFLOW_CTX_EXECUTION_DATE=2021-08-09T00:00:00+00:00
AIRFLOW_CTX_DAG_RUN_ID=scheduled__2021-08-09T00:00:00+00:00
[2023-10-01 10:15:36,470] {postgres.py:69} INFO - Executing: create table if not exists dags_run(
        dt  date,
        dag_id character varying,
        primary key (dt,dag_id)
        )
[2023-10-01 10:15:38,205] {base.py:74} INFO - Using connection to: id: posgres_testing. Host: host.docker.internal, Port: 5432, Schema: testing, Login: airflow, Password: XXXXXXXX, extra: None
[2023-10-01 10:15:38,507] {dbapi.py:180} INFO - Running statement: create table if not exists dags_run(
        dt  date,
        dag_id character varying,
        primary key (dt,dag_id)
        ), parameters: None
[2023-10-01 10:15:38,534] {dbapi.py:186} INFO - Rows affected: -1
[2023-10-01 10:15:38,550] {postgres.py:73} INFO - NOTICE:  relation "dags_run" already exists, skipping

[2023-10-01 10:15:38,833] {taskinstance.py:1166} INFO - Marking task as SUCCESS. dag_id=postgres_v2, task_id=create_postgres_connection, execution_date=20210809T000000, start_date=20231001T101521, end_date=20231001T101538
[2023-10-01 10:15:39,463] {local_task_job.py:188} WARNING - State of this instance has been externally set to success. Terminating instance.
[2023-10-01 10:15:39,771] {process_utils.py:100} INFO - Sending Signals.SIGTERM to GPID 47784
[2023-10-01 10:15:39,799] {taskinstance.py:1220} INFO - 1 downstream tasks scheduled from follow-on schedule check
[2023-10-01 10:15:48,221] {logging_mixin.py:104} WARNING - --- Logging error ---
--- Logging error ---
--- Logging error ---
--- Logging error ---
--- Logging error ---
--- Logging error ---
--- Logging error ---
--- Logging error ---
--- Logging error ---
--- Logging error ---
--- Logging error ---
--- Logging error ---
--- Logging error ---
--- Logging error ---
--- Logging error ---
--- Logging error ---
--- Logging error ---
--- Logging error ---
--- Logging error ---
--- Logging error ---
--- Logging error ---
--- Logging error ---
--- Logging error ---
--- Logging error ---
--- Logging error ---
--- Logging error ---
--- Logging error ---
--- Logging error ---
--- Logging error ---
--- Logging error ---
--- Logging error ---
--- Logging error ---
--- Logging error ---
--- Logging error ---
--- Logging error ---
--- Logging error ---
--- Logging error ---
--- Logging error ---
--- Logging error ---
--- Logging error ---
--- Logging error ---
--- Logging error ---
--- Logging error ---
--- Logging error ---
--- Logging error ---
--- Logging error ---
--- Logging error ---
--- Logging error ---
--- Logging error ---
--- Logging error ---
--- Logging error ---
--- Logging error ---
--- Logging error ---
--- Logging error ---
--- Logging error ---
--- Logging error ---
--- Logging error ---
--- Logging error ---
--- Logging error ---
--- Logging error ---
--- Logging error ---
--- Logging error ---
--- Logging error ---
--- Logging error ---
--- Logging error ---
--- Logging error ---
--- Logging error ---
--- Logging error ---
--- Logging error ---
--- Logging error ---
--- Logging error ---
--- Logging error ---
--- Logging error ---
--- Logging error ---
--- Logging error ---
--- Logging error ---
--- Logging error ---
--- Logging error ---
--- Logging error ---
--- Logging error ---
--- Logging error ---
--- Logging error ---
--- Logging error ---
--- Logging error ---
--- Logging error ---
--- Logging error ---
--- Logging error ---
--- Logging error ---
--- Logging error ---
--- Logging error ---
--- Logging error ---
--- Logging error ---
--- Logging error ---
--- Logging error ---
--- Logging error ---
--- Logging error ---
--- Logging error ---
--- Logging error ---
--- Logging error ---
--- Logging error ---
--- Logging error ---
--- Logging error ---
--- Logging error ---
--- Logging error ---
--- Logging error ---
--- Logging error ---
--- Logging error ---
--- Logging error ---
--- Logging error ---
--- Logging error ---
--- Logging error ---
--- Logging error ---
--- Logging error ---
--- Logging error ---
--- Logging error ---
--- Logging error ---
--- Logging error ---
--- Logging error ---
--- Logging error ---
--- Logging error ---
--- Logging error ---
--- Logging error ---
--- Logging error ---
--- Logging error ---
--- Logging error ---
--- Logging error ---
--- Logging error ---
--- Logging error ---
--- Logging error ---
--- Logging error ---
--- Logging error ---
--- Logging error ---
--- Logging error ---
--- Logging error ---
--- Logging error ---
--- Logging error ---
--- Logging error ---
--- Logging error ---
--- Logging error ---
--- Logging error ---
--- Logging error ---
--- Logging error ---
--- Logging error ---
--- Logging error ---
--- Logging error ---
--- Logging error ---
--- Logging error ---
--- Logging error ---
--- Logging error ---
--- Logging error ---
--- Logging error ---
--- Logging error ---
--- Logging error ---
--- Logging error ---
--- Logging error ---
--- Logging error ---
--- Logging error ---
--- Logging error ---
--- Logging error ---
--- Logging error ---
--- Logging error ---
--- Logging error ---
--- Logging error ---
--- Logging error ---
--- Logging error ---
--- Logging error ---
--- Logging error ---
--- Logging error ---
--- Logging error ---
--- Logging error ---
--- Logging error ---
--- Logging error ---
--- Logging error ---
--- Logging error ---
--- Logging error ---
--- Logging error ---
--- Logging error ---
--- Logging error ---
--- Logging error ---
--- Logging error ---
--- Logging error ---
--- Logging error ---
--- Logging error ---
--- Logging error ---
--- Logging error ---
--- Logging error ---
--- Logging error ---
--- Logging error ---
--- Logging error ---
--- Logging error ---
--- Logging error ---
--- Logging error ---
--- Logging error ---
--- Logging error ---
--- Logging error ---
--- Logging error ---
--- Logging error ---
--- Logging error ---
--- Logging error ---
--- Logging error ---
--- Logging error ---
--- Logging error ---
--- Logging error ---
--- Logging error ---
--- Logging error ---
--- Logging error ---
--- Logging error ---
--- Logging error ---
--- Logging error ---
--- Logging error ---
--- Logging error ---
--- Logging error ---
--- Logging error ---
--- Logging error ---
--- Logging error ---
--- Logging error ---
--- Logging error ---
--- Logging error ---
--- Logging error ---
--- Logging error ---
--- Logging error ---
--- Logging error ---
--- Logging error ---
--- Logging error ---
--- Logging error ---
--- Logging error ---
--- Logging error ---
--- Logging error ---
--- Logging error ---
--- Logging error ---
--- Logging error ---
--- Logging error ---
--- Logging error ---
--- Logging error ---
--- Logging error ---
--- Logging error ---
--- Logging error ---
--- Logging error ---
--- Logging error ---
--- Logging error ---
--- Logging error ---
--- Logging error ---
--- Logging error ---
--- Logging error ---
--- Logging error ---
--- Logging error ---
--- Logging error ---
--- Logging error ---
--- Logging error ---
--- Logging error ---
--- Logging error ---
--- Logging error ---
--- Logging error ---
--- Logging error ---
--- Logging error ---
--- Logging error ---
--- Logging error ---
--- Logging error ---
--- Logging error ---
--- Logging error ---
--- Logging error ---
--- Logging error ---
--- Logging error ---
--- Logging error ---
--- Logging error ---
--- Logging error ---
--- Logging error ---
--- Logging error ---
--- Logging error ---
--- Logging error ---
--- Logging error ---
--- Logging error ---
--- Logging error ---
--- Logging error ---
--- Logging error ---
--- Logging error ---
--- Logging error ---
--- Logging error ---
--- Logging error ---
--- Logging error ---
--- Logging error ---
--- Logging error ---
--- Logging error ---
--- Logging error ---
--- Logging error ---
--- Logging error ---
--- Logging error ---
--- Logging error ---
--- Logging error ---
--- Logging error ---
--- Logging error ---
--- Logging error ---
--- Logging error ---
--- Logging error ---
--- Logging error ---
--- Logging error ---
--- Logging error ---
--- Logging error ---
--- Logging error ---
--- Logging error ---
--- Logging error ---
--- Logging error ---
--- Logging error ---
--- Logging error ---
--- Logging error ---
--- Logging error ---
--- Logging error ---
--- Logging error ---
--- Logging error ---
--- Logging error ---
--- Logging error ---
--- Logging error ---
--- Logging error ---
--- Logging error ---
--- Logging error ---
--- Logging error ---
--- Logging error ---
--- Logging error ---
--- Logging error ---
--- Logging error ---
--- Logging error ---
--- Logging error ---
--- Logging error ---
--- Logging error ---
--- Logging error ---
--- Logging error ---
--- Logging error ---
--- Logging error ---
--- Logging error ---
--- Logging error ---
--- Logging error ---
--- Logging error ---
--- Logging error ---
--- Logging error ---
--- Logging error ---
--- Logging error ---
--- Logging error ---
--- Logging error ---
--- Logging error ---
--- Logging error ---
--- Logging error ---
--- Logging error ---
--- Logging error ---
--- Logging error ---
--- Logging error ---
--- Logging error ---
--- Logging error ---
--- Logging error ---
--- Logging error ---
--- Logging error ---
--- Logging error ---
--- Logging error ---
--- Logging error ---
--- Logging error ---
--- Logging error ---
--- Logging error ---
--- Logging error ---
--- Logging error ---
--- Logging error ---
--- Logging error ---
--- Logging error ---
--- Logging error ---
--- Logging error ---
--- Logging error ---
--- Logging error ---
--- Logging error ---
--- Logging error ---
--- Logging error ---
--- Logging error ---
--- Logging error ---
--- Logging error ---
--- Logging error ---
--- Logging error ---
--- Logging error ---
--- Logging error ---
--- Logging error ---
--- Logging error ---
--- Logging error ---
--- Logging error ---
--- Logging error ---
[2023-10-01 10:15:51,366] {logging_mixin.py:104} WARNING - Traceback (most recent call last):
[2023-10-01 10:15:51,485] {logging_mixin.py:104} WARNING -   File "/usr/local/lib/python3.6/logging/__init__.py", line 998, in emit
    self.flush()
[2023-10-01 10:15:51,494] {logging_mixin.py:104} WARNING -   File "/usr/local/lib/python3.6/logging/__init__.py", line 978, in flush
    self.stream.flush()
[2023-10-01 10:15:51,581] {logging_mixin.py:104} WARNING - RuntimeError: reentrant call inside <_io.BufferedWriter name='/opt/airflow/logs/postgres_v2/create_postgres_connection/2021-08-09T00:00:00+00:00/1.log'>
[2023-10-01 10:15:51,612] {logging_mixin.py:104} WARNING - 
During handling of the above exception, another exception occurred:
[2023-10-01 10:15:51,672] {logging_mixin.py:104} WARNING - Traceback (most recent call last):
[2023-10-01 10:15:51,727] {logging_mixin.py:104} WARNING -   File "/usr/local/lib/python3.6/logging/__init__.py", line 998, in emit
    self.flush()
[2023-10-01 10:15:51,731] {logging_mixin.py:104} WARNING -   File "/usr/local/lib/python3.6/logging/__init__.py", line 978, in flush
    self.stream.flush()
[2023-10-01 10:15:51,738] {logging_mixin.py:104} WARNING - RuntimeError: reentrant call inside <_io.BufferedWriter name='/opt/airflow/logs/postgres_v2/create_postgres_connection/2021-08-09T00:00:00+00:00/1.log'>
[2023-10-01 10:15:51,761] {logging_mixin.py:104} WARNING - 
During handling of the above exception, another exception occurred:
[2023-10-01 10:15:51,859] {logging_mixin.py:104} WARNING - Traceback (most recent call last):
[2023-10-01 10:15:51,861] {logging_mixin.py:104} WARNING -   File "/usr/local/lib/python3.6/logging/__init__.py", line 998, in emit
    self.flush()
[2023-10-01 10:15:51,863] {logging_mixin.py:104} WARNING -   File "/usr/local/lib/python3.6/logging/__init__.py", line 978, in flush
    self.stream.flush()
[2023-10-01 10:15:51,880] {logging_mixin.py:104} WARNING - RuntimeError: reentrant call inside <_io.BufferedWriter name='/opt/airflow/logs/postgres_v2/create_postgres_connection/2021-08-09T00:00:00+00:00/1.log'>
[2023-10-01 10:15:51,887] {logging_mixin.py:104} WARNING - 
During handling of the above exception, another exception occurred:
[2023-10-01 10:15:51,903] {logging_mixin.py:104} WARNING - Traceback (most recent call last):
[2023-10-01 10:15:51,917] {logging_mixin.py:104} WARNING -   File "/usr/local/lib/python3.6/logging/__init__.py", line 998, in emit
    self.flush()
[2023-10-01 10:15:51,931] {logging_mixin.py:104} WARNING -   File "/usr/local/lib/python3.6/logging/__init__.py", line 978, in flush
    self.stream.flush()
[2023-10-01 10:15:51,944] {logging_mixin.py:104} WARNING - RuntimeError: reentrant call inside <_io.BufferedWriter name='/opt/airflow/logs/postgres_v2/create_postgres_connection/2021-08-09T00:00:00+00:00/1.log'>
[2023-10-01 10:15:51,951] {logging_mixin.py:104} WARNING - 
During handling of the above exception, another exception occurred:
[2023-10-01 10:15:51,969] {logging_mixin.py:104} WARNING - Traceback (most recent call last):
[2023-10-01 10:15:52,006] {logging_mixin.py:104} WARNING -   File "/usr/local/lib/python3.6/logging/__init__.py", line 998, in emit
    self.flush()
[2023-10-01 10:15:52,069] {logging_mixin.py:104} WARNING -   File "/usr/local/lib/python3.6/logging/__init__.py", line 978, in flush
    self.stream.flush()
[2023-10-01 10:15:52,071] {logging_mixin.py:104} WARNING - RuntimeError: reentrant call inside <_io.BufferedWriter name='/opt/airflow/logs/postgres_v2/create_postgres_connection/2021-08-09T00:00:00+00:00/1.log'>
[2023-10-01 10:15:52,097] {logging_mixin.py:104} WARNING - 
During handling of the above exception, another exception occurred:
[2023-10-01 10:15:52,135] {logging_mixin.py:104} WARNING - Traceback (most recent call last):
[2023-10-01 10:15:52,155] {logging_mixin.py:104} WARNING -   File "/usr/local/lib/python3.6/logging/__init__.py", line 998, in emit
    self.flush()
[2023-10-01 10:15:52,170] {logging_mixin.py:104} WARNING -   File "/usr/local/lib/python3.6/logging/__init__.py", line 978, in flush
    self.stream.flush()
[2023-10-01 10:15:52,183] {logging_mixin.py:104} WARNING - RuntimeError: reentrant call inside <_io.BufferedWriter name='/opt/airflow/logs/postgres_v2/create_postgres_connection/2021-08-09T00:00:00+00:00/1.log'>
[2023-10-01 10:15:52,207] {logging_mixin.py:104} WARNING - 
During handling of the above exception, another exception occurred:
[2023-10-01 10:15:52,219] {logging_mixin.py:104} WARNING - Traceback (most recent call last):
[2023-10-01 10:15:52,306] {logging_mixin.py:104} WARNING -   File "/usr/local/lib/python3.6/logging/__init__.py", line 998, in emit
    self.flush()
[2023-10-01 10:15:52,341] {logging_mixin.py:104} WARNING -   File "/usr/local/lib/python3.6/logging/__init__.py", line 978, in flush
    self.stream.flush()
[2023-10-01 10:15:52,348] {logging_mixin.py:104} WARNING - RuntimeError: reentrant call inside <_io.BufferedWriter name='/opt/airflow/logs/postgres_v2/create_postgres_connection/2021-08-09T00:00:00+00:00/1.log'>
[2023-10-01 10:15:52,372] {logging_mixin.py:104} WARNING - 
During handling of the above exception, another exception occurred:
[2023-10-01 10:15:52,478] {logging_mixin.py:104} WARNING - Traceback (most recent call last):
[2023-10-01 10:15:52,542] {logging_mixin.py:104} WARNING -   File "/usr/local/lib/python3.6/logging/__init__.py", line 998, in emit
    self.flush()
[2023-10-01 10:15:52,545] {logging_mixin.py:104} WARNING -   File "/usr/local/lib/python3.6/logging/__init__.py", line 978, in flush
    self.stream.flush()
[2023-10-01 10:15:52,593] {logging_mixin.py:104} WARNING - RuntimeError: reentrant call inside <_io.BufferedWriter name='/opt/airflow/logs/postgres_v2/create_postgres_connection/2021-08-09T00:00:00+00:00/1.log'>
[2023-10-01 10:15:52,641] {logging_mixin.py:104} WARNING - 
During handling of the above exception, another exception occurred:
[2023-10-01 10:15:52,662] {logging_mixin.py:104} WARNING - Traceback (most recent call last):
[2023-10-01 10:15:52,700] {logging_mixin.py:104} WARNING -   File "/usr/local/lib/python3.6/logging/__init__.py", line 998, in emit
    self.flush()
[2023-10-01 10:15:52,746] {logging_mixin.py:104} WARNING -   File "/usr/local/lib/python3.6/logging/__init__.py", line 978, in flush
    self.stream.flush()
[2023-10-01 10:15:52,786] {logging_mixin.py:104} WARNING - RuntimeError: reentrant call inside <_io.BufferedWriter name='/opt/airflow/logs/postgres_v2/create_postgres_connection/2021-08-09T00:00:00+00:00/1.log'>
[2023-10-01 10:15:52,847] {logging_mixin.py:104} WARNING - 
During handling of the above exception, another exception occurred:
[2023-10-01 10:15:52,967] {logging_mixin.py:104} WARNING - Traceback (most recent call last):
[2023-10-01 10:15:53,028] {logging_mixin.py:104} WARNING -   File "/usr/local/lib/python3.6/logging/__init__.py", line 998, in emit
    self.flush()
[2023-10-01 10:15:53,116] {logging_mixin.py:104} WARNING -   File "/usr/local/lib/python3.6/logging/__init__.py", line 978, in flush
    self.stream.flush()
[2023-10-01 10:15:53,149] {logging_mixin.py:104} WARNING - RuntimeError: reentrant call inside <_io.BufferedWriter name='/opt/airflow/logs/postgres_v2/create_postgres_connection/2021-08-09T00:00:00+00:00/1.log'>
[2023-10-01 10:15:53,198] {logging_mixin.py:104} WARNING - 
During handling of the above exception, another exception occurred:
[2023-10-01 10:15:53,204] {logging_mixin.py:104} WARNING - Traceback (most recent call last):
[2023-10-01 10:15:53,235] {logging_mixin.py:104} WARNING -   File "/usr/local/lib/python3.6/logging/__init__.py", line 998, in emit
    self.flush()
[2023-10-01 10:15:53,373] {logging_mixin.py:104} WARNING -   File "/usr/local/lib/python3.6/logging/__init__.py", line 978, in flush
    self.stream.flush()
[2023-10-01 10:15:53,390] {logging_mixin.py:104} WARNING - RuntimeError: reentrant call inside <_io.BufferedWriter name='/opt/airflow/logs/postgres_v2/create_postgres_connection/2021-08-09T00:00:00+00:00/1.log'>
[2023-10-01 10:15:53,416] {logging_mixin.py:104} WARNING - 
During handling of the above exception, another exception occurred:
[2023-10-01 10:15:53,424] {logging_mixin.py:104} WARNING - Traceback (most recent call last):
[2023-10-01 10:15:53,442] {logging_mixin.py:104} WARNING -   File "/usr/local/lib/python3.6/logging/__init__.py", line 998, in emit
    self.flush()
[2023-10-01 10:15:53,449] {logging_mixin.py:104} WARNING -   File "/usr/local/lib/python3.6/logging/__init__.py", line 978, in flush
    self.stream.flush()
[2023-10-01 10:15:53,453] {logging_mixin.py:104} WARNING - RuntimeError: reentrant call inside <_io.BufferedWriter name='/opt/airflow/logs/postgres_v2/create_postgres_connection/2021-08-09T00:00:00+00:00/1.log'>
[2023-10-01 10:15:53,461] {logging_mixin.py:104} WARNING - 
During handling of the above exception, another exception occurred:
[2023-10-01 10:15:53,484] {logging_mixin.py:104} WARNING - Traceback (most recent call last):
[2023-10-01 10:15:53,488] {logging_mixin.py:104} WARNING -   File "/usr/local/lib/python3.6/logging/__init__.py", line 998, in emit
    self.flush()
[2023-10-01 10:15:53,498] {logging_mixin.py:104} WARNING -   File "/usr/local/lib/python3.6/logging/__init__.py", line 978, in flush
    self.stream.flush()
[2023-10-01 10:15:53,500] {logging_mixin.py:104} WARNING - RuntimeError: reentrant call inside <_io.BufferedWriter name='/opt/airflow/logs/postgres_v2/create_postgres_connection/2021-08-09T00:00:00+00:00/1.log'>
[2023-10-01 10:15:53,526] {logging_mixin.py:104} WARNING - 
During handling of the above exception, another exception occurred:
[2023-10-01 10:15:53,559] {logging_mixin.py:104} WARNING - Traceback (most recent call last):
[2023-10-01 10:15:53,569] {logging_mixin.py:104} WARNING -   File "/usr/local/lib/python3.6/logging/__init__.py", line 998, in emit
    self.flush()
[2023-10-01 10:15:53,579] {logging_mixin.py:104} WARNING -   File "/usr/local/lib/python3.6/logging/__init__.py", line 978, in flush
    self.stream.flush()
[2023-10-01 10:15:53,597] {logging_mixin.py:104} WARNING - RuntimeError: reentrant call inside <_io.BufferedWriter name='/opt/airflow/logs/postgres_v2/create_postgres_connection/2021-08-09T00:00:00+00:00/1.log'>
[2023-10-01 10:15:53,719] {logging_mixin.py:104} WARNING - 
During handling of the above exception, another exception occurred:
[2023-10-01 10:15:53,748] {logging_mixin.py:104} WARNING - Traceback (most recent call last):
[2023-10-01 10:15:53,814] {logging_mixin.py:104} WARNING -   File "/usr/local/lib/python3.6/logging/__init__.py", line 998, in emit
    self.flush()
[2023-10-01 10:15:53,823] {logging_mixin.py:104} WARNING -   File "/usr/local/lib/python3.6/logging/__init__.py", line 978, in flush
    self.stream.flush()
[2023-10-01 10:15:53,858] {logging_mixin.py:104} WARNING - RuntimeError: reentrant call inside <_io.BufferedWriter name='/opt/airflow/logs/postgres_v2/create_postgres_connection/2021-08-09T00:00:00+00:00/1.log'>
[2023-10-01 10:15:53,912] {logging_mixin.py:104} WARNING - 
During handling of the above exception, another exception occurred:
[2023-10-01 10:15:53,943] {logging_mixin.py:104} WARNING - Traceback (most recent call last):
[2023-10-01 10:15:54,132] {logging_mixin.py:104} WARNING -   File "/usr/local/lib/python3.6/logging/__init__.py", line 998, in emit
    self.flush()
[2023-10-01 10:15:54,171] {logging_mixin.py:104} WARNING -   File "/usr/local/lib/python3.6/logging/__init__.py", line 978, in flush
    self.stream.flush()
[2023-10-01 10:15:54,186] {logging_mixin.py:104} WARNING - RuntimeError: reentrant call inside <_io.BufferedWriter name='/opt/airflow/logs/postgres_v2/create_postgres_connection/2021-08-09T00:00:00+00:00/1.log'>
[2023-10-01 10:15:54,196] {logging_mixin.py:104} WARNING - 
During handling of the above exception, another exception occurred:
[2023-10-01 10:15:54,217] {logging_mixin.py:104} WARNING - Traceback (most recent call last):
[2023-10-01 10:15:54,240] {logging_mixin.py:104} WARNING -   File "/usr/local/lib/python3.6/logging/__init__.py", line 998, in emit
    self.flush()
[2023-10-01 10:15:54,278] {logging_mixin.py:104} WARNING -   File "/usr/local/lib/python3.6/logging/__init__.py", line 978, in flush
    self.stream.flush()
[2023-10-01 10:15:54,637] {logging_mixin.py:104} WARNING - RuntimeError: reentrant call inside <_io.BufferedWriter name='/opt/airflow/logs/postgres_v2/create_postgres_connection/2021-08-09T00:00:00+00:00/1.log'>
[2023-10-01 10:15:54,702] {logging_mixin.py:104} WARNING - 
During handling of the above exception, another exception occurred:
[2023-10-01 10:15:54,753] {logging_mixin.py:104} WARNING - Traceback (most recent call last):
[2023-10-01 10:15:54,797] {logging_mixin.py:104} WARNING -   File "/usr/local/lib/python3.6/logging/__init__.py", line 998, in emit
    self.flush()
[2023-10-01 10:15:55,077] {logging_mixin.py:104} WARNING -   File "/usr/local/lib/python3.6/logging/__init__.py", line 978, in flush
    self.stream.flush()
[2023-10-01 10:15:55,192] {logging_mixin.py:104} WARNING - RuntimeError: reentrant call inside <_io.BufferedWriter name='/opt/airflow/logs/postgres_v2/create_postgres_connection/2021-08-09T00:00:00+00:00/1.log'>
[2023-10-01 10:15:55,228] {logging_mixin.py:104} WARNING - 
During handling of the above exception, another exception occurred:
[2023-10-01 10:15:55,246] {logging_mixin.py:104} WARNING - Traceback (most recent call last):
[2023-10-01 10:15:55,269] {logging_mixin.py:104} WARNING -   File "/usr/local/lib/python3.6/logging/__init__.py", line 998, in emit
    self.flush()
[2023-10-01 10:15:55,361] {logging_mixin.py:104} WARNING -   File "/usr/local/lib/python3.6/logging/__init__.py", line 978, in flush
    self.stream.flush()
[2023-10-01 10:15:55,385] {logging_mixin.py:104} WARNING - RuntimeError: reentrant call inside <_io.BufferedWriter name='/opt/airflow/logs/postgres_v2/create_postgres_connection/2021-08-09T00:00:00+00:00/1.log'>
[2023-10-01 10:15:55,563] {logging_mixin.py:104} WARNING - 
During handling of the above exception, another exception occurred:
[2023-10-01 10:15:55,591] {logging_mixin.py:104} WARNING - Traceback (most recent call last):
[2023-10-01 10:15:55,616] {logging_mixin.py:104} WARNING -   File "/usr/local/lib/python3.6/logging/__init__.py", line 998, in emit
    self.flush()
[2023-10-01 10:15:55,652] {logging_mixin.py:104} WARNING -   File "/usr/local/lib/python3.6/logging/__init__.py", line 978, in flush
    self.stream.flush()
[2023-10-01 10:15:55,672] {logging_mixin.py:104} WARNING - RuntimeError: reentrant call inside <_io.BufferedWriter name='/opt/airflow/logs/postgres_v2/create_postgres_connection/2021-08-09T00:00:00+00:00/1.log'>
[2023-10-01 10:15:55,675] {logging_mixin.py:104} WARNING - 
During handling of the above exception, another exception occurred:
[2023-10-01 10:15:55,679] {logging_mixin.py:104} WARNING - Traceback (most recent call last):
[2023-10-01 10:15:55,686] {logging_mixin.py:104} WARNING -   File "/usr/local/lib/python3.6/logging/__init__.py", line 998, in emit
    self.flush()
[2023-10-01 10:15:55,703] {logging_mixin.py:104} WARNING -   File "/usr/local/lib/python3.6/logging/__init__.py", line 978, in flush
    self.stream.flush()
[2023-10-01 10:15:55,778] {logging_mixin.py:104} WARNING - RuntimeError: reentrant call inside <_io.BufferedWriter name='/opt/airflow/logs/postgres_v2/create_postgres_connection/2021-08-09T00:00:00+00:00/1.log'>
[2023-10-01 10:15:55,792] {logging_mixin.py:104} WARNING - 
During handling of the above exception, another exception occurred:
[2023-10-01 10:15:55,813] {logging_mixin.py:104} WARNING - Traceback (most recent call last):
[2023-10-01 10:15:55,820] {logging_mixin.py:104} WARNING -   File "/usr/local/lib/python3.6/logging/__init__.py", line 998, in emit
    self.flush()
[2023-10-01 10:15:55,862] {logging_mixin.py:104} WARNING -   File "/usr/local/lib/python3.6/logging/__init__.py", line 978, in flush
    self.stream.flush()
[2023-10-01 10:15:55,870] {logging_mixin.py:104} WARNING - RuntimeError: reentrant call inside <_io.BufferedWriter name='/opt/airflow/logs/postgres_v2/create_postgres_connection/2021-08-09T00:00:00+00:00/1.log'>
[2023-10-01 10:15:55,881] {logging_mixin.py:104} WARNING - 
During handling of the above exception, another exception occurred:
[2023-10-01 10:15:55,885] {logging_mixin.py:104} WARNING - Traceback (most recent call last):
[2023-10-01 10:15:55,894] {logging_mixin.py:104} WARNING -   File "/usr/local/lib/python3.6/logging/__init__.py", line 998, in emit
    self.flush()
[2023-10-01 10:15:55,916] {logging_mixin.py:104} WARNING -   File "/usr/local/lib/python3.6/logging/__init__.py", line 978, in flush
    self.stream.flush()
[2023-10-01 10:15:55,919] {logging_mixin.py:104} WARNING - RuntimeError: reentrant call inside <_io.BufferedWriter name='/opt/airflow/logs/postgres_v2/create_postgres_connection/2021-08-09T00:00:00+00:00/1.log'>
[2023-10-01 10:15:55,927] {logging_mixin.py:104} WARNING - 
During handling of the above exception, another exception occurred:
[2023-10-01 10:15:55,935] {logging_mixin.py:104} WARNING - Traceback (most recent call last):
[2023-10-01 10:15:55,941] {logging_mixin.py:104} WARNING -   File "/usr/local/lib/python3.6/logging/__init__.py", line 998, in emit
    self.flush()
[2023-10-01 10:15:55,948] {logging_mixin.py:104} WARNING -   File "/usr/local/lib/python3.6/logging/__init__.py", line 978, in flush
    self.stream.flush()
[2023-10-01 10:15:55,958] {logging_mixin.py:104} WARNING - RuntimeError: reentrant call inside <_io.BufferedWriter name='/opt/airflow/logs/postgres_v2/create_postgres_connection/2021-08-09T00:00:00+00:00/1.log'>
[2023-10-01 10:15:55,973] {logging_mixin.py:104} WARNING - 
During handling of the above exception, another exception occurred:
[2023-10-01 10:15:55,977] {logging_mixin.py:104} WARNING - Traceback (most recent call last):
[2023-10-01 10:15:55,991] {logging_mixin.py:104} WARNING -   File "/usr/local/lib/python3.6/logging/__init__.py", line 998, in emit
    self.flush()
[2023-10-01 10:15:56,014] {logging_mixin.py:104} WARNING -   File "/usr/local/lib/python3.6/logging/__init__.py", line 978, in flush
    self.stream.flush()
[2023-10-01 10:15:56,038] {logging_mixin.py:104} WARNING - RuntimeError: reentrant call inside <_io.BufferedWriter name='/opt/airflow/logs/postgres_v2/create_postgres_connection/2021-08-09T00:00:00+00:00/1.log'>
[2023-10-01 10:15:56,046] {logging_mixin.py:104} WARNING - 
During handling of the above exception, another exception occurred:
[2023-10-01 10:15:56,066] {logging_mixin.py:104} WARNING - Traceback (most recent call last):
[2023-10-01 10:15:56,078] {logging_mixin.py:104} WARNING -   File "/usr/local/lib/python3.6/logging/__init__.py", line 998, in emit
    self.flush()
[2023-10-01 10:15:56,096] {logging_mixin.py:104} WARNING -   File "/usr/local/lib/python3.6/logging/__init__.py", line 978, in flush
    self.stream.flush()
[2023-10-01 10:15:56,177] {logging_mixin.py:104} WARNING - RuntimeError: reentrant call inside <_io.BufferedWriter name='/opt/airflow/logs/postgres_v2/create_postgres_connection/2021-08-09T00:00:00+00:00/1.log'>
[2023-10-01 10:15:56,228] {logging_mixin.py:104} WARNING - 
During handling of the above exception, another exception occurred:
[2023-10-01 10:15:56,302] {logging_mixin.py:104} WARNING - Traceback (most recent call last):
[2023-10-01 10:15:56,322] {logging_mixin.py:104} WARNING -   File "/usr/local/lib/python3.6/logging/__init__.py", line 998, in emit
    self.flush()
[2023-10-01 10:15:56,423] {logging_mixin.py:104} WARNING -   File "/usr/local/lib/python3.6/logging/__init__.py", line 978, in flush
    self.stream.flush()
[2023-10-01 10:15:56,466] {logging_mixin.py:104} WARNING - RuntimeError: reentrant call inside <_io.BufferedWriter name='/opt/airflow/logs/postgres_v2/create_postgres_connection/2021-08-09T00:00:00+00:00/1.log'>
[2023-10-01 10:15:56,542] {logging_mixin.py:104} WARNING - 
During handling of the above exception, another exception occurred:
[2023-10-01 10:15:57,000] {logging_mixin.py:104} WARNING - Traceback (most recent call last):
[2023-10-01 10:15:57,026] {logging_mixin.py:104} WARNING -   File "/usr/local/lib/python3.6/logging/__init__.py", line 998, in emit
    self.flush()
[2023-10-01 10:15:57,039] {logging_mixin.py:104} WARNING -   File "/usr/local/lib/python3.6/logging/__init__.py", line 978, in flush
    self.stream.flush()
[2023-10-01 10:15:57,069] {logging_mixin.py:104} WARNING - RuntimeError: reentrant call inside <_io.BufferedWriter name='/opt/airflow/logs/postgres_v2/create_postgres_connection/2021-08-09T00:00:00+00:00/1.log'>
[2023-10-01 10:15:57,092] {logging_mixin.py:104} WARNING - 
During handling of the above exception, another exception occurred:
[2023-10-01 10:15:57,099] {logging_mixin.py:104} WARNING - Traceback (most recent call last):
[2023-10-01 10:15:57,105] {logging_mixin.py:104} WARNING -   File "/usr/local/lib/python3.6/logging/__init__.py", line 998, in emit
    self.flush()
[2023-10-01 10:15:57,141] {logging_mixin.py:104} WARNING -   File "/usr/local/lib/python3.6/logging/__init__.py", line 978, in flush
    self.stream.flush()
[2023-10-01 10:15:57,165] {logging_mixin.py:104} WARNING - RuntimeError: reentrant call inside <_io.BufferedWriter name='/opt/airflow/logs/postgres_v2/create_postgres_connection/2021-08-09T00:00:00+00:00/1.log'>
[2023-10-01 10:15:57,178] {logging_mixin.py:104} WARNING - 
During handling of the above exception, another exception occurred:
[2023-10-01 10:15:57,202] {logging_mixin.py:104} WARNING - Traceback (most recent call last):
[2023-10-01 10:15:57,259] {logging_mixin.py:104} WARNING -   File "/usr/local/lib/python3.6/logging/__init__.py", line 998, in emit
    self.flush()
[2023-10-01 10:15:57,677] {logging_mixin.py:104} WARNING -   File "/usr/local/lib/python3.6/logging/__init__.py", line 978, in flush
    self.stream.flush()
[2023-10-01 10:15:57,739] {logging_mixin.py:104} WARNING - RuntimeError: reentrant call inside <_io.BufferedWriter name='/opt/airflow/logs/postgres_v2/create_postgres_connection/2021-08-09T00:00:00+00:00/1.log'>
[2023-10-01 10:15:58,567] {logging_mixin.py:104} WARNING - 
During handling of the above exception, another exception occurred:
[2023-10-01 10:15:58,610] {logging_mixin.py:104} WARNING - Traceback (most recent call last):
[2023-10-01 10:15:58,617] {logging_mixin.py:104} WARNING -   File "/usr/local/lib/python3.6/logging/__init__.py", line 998, in emit
    self.flush()
[2023-10-01 10:15:58,621] {logging_mixin.py:104} WARNING -   File "/usr/local/lib/python3.6/logging/__init__.py", line 978, in flush
    self.stream.flush()
[2023-10-01 10:15:58,632] {logging_mixin.py:104} WARNING - RuntimeError: reentrant call inside <_io.BufferedWriter name='/opt/airflow/logs/postgres_v2/create_postgres_connection/2021-08-09T00:00:00+00:00/1.log'>
[2023-10-01 10:15:58,668] {logging_mixin.py:104} WARNING - 
During handling of the above exception, another exception occurred:
[2023-10-01 10:15:58,692] {logging_mixin.py:104} WARNING - Traceback (most recent call last):
[2023-10-01 10:15:58,701] {logging_mixin.py:104} WARNING -   File "/usr/local/lib/python3.6/logging/__init__.py", line 998, in emit
    self.flush()
[2023-10-01 10:15:58,793] {logging_mixin.py:104} WARNING -   File "/usr/local/lib/python3.6/logging/__init__.py", line 978, in flush
    self.stream.flush()
[2023-10-01 10:15:58,845] {logging_mixin.py:104} WARNING - RuntimeError: reentrant call inside <_io.BufferedWriter name='/opt/airflow/logs/postgres_v2/create_postgres_connection/2021-08-09T00:00:00+00:00/1.log'>
[2023-10-01 10:15:58,866] {logging_mixin.py:104} WARNING - 
During handling of the above exception, another exception occurred:
[2023-10-01 10:15:58,931] {logging_mixin.py:104} WARNING - Traceback (most recent call last):
[2023-10-01 10:15:58,966] {logging_mixin.py:104} WARNING -   File "/usr/local/lib/python3.6/logging/__init__.py", line 998, in emit
    self.flush()
[2023-10-01 10:15:58,981] {logging_mixin.py:104} WARNING -   File "/usr/local/lib/python3.6/logging/__init__.py", line 978, in flush
    self.stream.flush()
[2023-10-01 10:15:59,045] {logging_mixin.py:104} WARNING - RuntimeError: reentrant call inside <_io.BufferedWriter name='/opt/airflow/logs/postgres_v2/create_postgres_connection/2021-08-09T00:00:00+00:00/1.log'>
[2023-10-01 10:15:59,084] {logging_mixin.py:104} WARNING - 
During handling of the above exception, another exception occurred:
[2023-10-01 10:15:59,099] {logging_mixin.py:104} WARNING - Traceback (most recent call last):
[2023-10-01 10:15:59,107] {logging_mixin.py:104} WARNING -   File "/usr/local/lib/python3.6/logging/__init__.py", line 998, in emit
    self.flush()
[2023-10-01 10:15:59,122] {logging_mixin.py:104} WARNING -   File "/usr/local/lib/python3.6/logging/__init__.py", line 978, in flush
    self.stream.flush()
[2023-10-01 10:15:59,133] {logging_mixin.py:104} WARNING - RuntimeError: reentrant call inside <_io.BufferedWriter name='/opt/airflow/logs/postgres_v2/create_postgres_connection/2021-08-09T00:00:00+00:00/1.log'>
[2023-10-01 10:15:59,152] {logging_mixin.py:104} WARNING - 
During handling of the above exception, another exception occurred:
[2023-10-01 10:15:59,160] {logging_mixin.py:104} WARNING - Traceback (most recent call last):
[2023-10-01 10:15:59,231] {logging_mixin.py:104} WARNING -   File "/usr/local/lib/python3.6/logging/__init__.py", line 998, in emit
    self.flush()
[2023-10-01 10:15:59,306] {logging_mixin.py:104} WARNING -   File "/usr/local/lib/python3.6/logging/__init__.py", line 978, in flush
    self.stream.flush()
[2023-10-01 10:15:59,338] {logging_mixin.py:104} WARNING - RuntimeError: reentrant call inside <_io.BufferedWriter name='/opt/airflow/logs/postgres_v2/create_postgres_connection/2021-08-09T00:00:00+00:00/1.log'>
[2023-10-01 10:15:59,348] {logging_mixin.py:104} WARNING - 
During handling of the above exception, another exception occurred:
[2023-10-01 10:15:59,379] {logging_mixin.py:104} WARNING - Traceback (most recent call last):
[2023-10-01 10:15:59,396] {logging_mixin.py:104} WARNING -   File "/usr/local/lib/python3.6/logging/__init__.py", line 998, in emit
    self.flush()
[2023-10-01 10:15:59,448] {logging_mixin.py:104} WARNING -   File "/usr/local/lib/python3.6/logging/__init__.py", line 978, in flush
    self.stream.flush()
[2023-10-01 10:15:59,878] {logging_mixin.py:104} WARNING - RuntimeError: reentrant call inside <_io.BufferedWriter name='/opt/airflow/logs/postgres_v2/create_postgres_connection/2021-08-09T00:00:00+00:00/1.log'>
[2023-10-01 10:15:59,898] {logging_mixin.py:104} WARNING - 
During handling of the above exception, another exception occurred:
[2023-10-01 10:15:59,920] {logging_mixin.py:104} WARNING - Traceback (most recent call last):
[2023-10-01 10:15:59,930] {logging_mixin.py:104} WARNING -   File "/usr/local/lib/python3.6/logging/__init__.py", line 998, in emit
    self.flush()
[2023-10-01 10:15:59,967] {logging_mixin.py:104} WARNING -   File "/usr/local/lib/python3.6/logging/__init__.py", line 978, in flush
    self.stream.flush()
[2023-10-01 10:15:59,979] {logging_mixin.py:104} WARNING - RuntimeError: reentrant call inside <_io.BufferedWriter name='/opt/airflow/logs/postgres_v2/create_postgres_connection/2021-08-09T00:00:00+00:00/1.log'>
[2023-10-01 10:16:00,020] {logging_mixin.py:104} WARNING - 
During handling of the above exception, another exception occurred:
[2023-10-01 10:16:00,078] {logging_mixin.py:104} WARNING - Traceback (most recent call last):
[2023-10-01 10:16:00,093] {logging_mixin.py:104} WARNING -   File "/usr/local/lib/python3.6/logging/__init__.py", line 998, in emit
    self.flush()
[2023-10-01 10:16:00,180] {logging_mixin.py:104} WARNING -   File "/usr/local/lib/python3.6/logging/__init__.py", line 978, in flush
    self.stream.flush()
[2023-10-01 10:16:00,198] {logging_mixin.py:104} WARNING - RuntimeError: reentrant call inside <_io.BufferedWriter name='/opt/airflow/logs/postgres_v2/create_postgres_connection/2021-08-09T00:00:00+00:00/1.log'>
[2023-10-01 10:16:00,248] {logging_mixin.py:104} WARNING - 
During handling of the above exception, another exception occurred:
[2023-10-01 10:16:00,339] {logging_mixin.py:104} WARNING - Traceback (most recent call last):
[2023-10-01 10:16:02,549] {logging_mixin.py:104} WARNING -   File "/usr/local/lib/python3.6/logging/__init__.py", line 998, in emit
    self.flush()
[2023-10-01 10:16:02,773] {logging_mixin.py:104} WARNING -   File "/usr/local/lib/python3.6/logging/__init__.py", line 978, in flush
    self.stream.flush()
[2023-10-01 10:16:02,806] {logging_mixin.py:104} WARNING - RuntimeError: reentrant call inside <_io.BufferedWriter name='/opt/airflow/logs/postgres_v2/create_postgres_connection/2021-08-09T00:00:00+00:00/1.log'>
[2023-10-01 10:16:02,926] {logging_mixin.py:104} WARNING - 
During handling of the above exception, another exception occurred:
[2023-10-01 10:16:03,468] {logging_mixin.py:104} WARNING - Traceback (most recent call last):
[2023-10-01 10:16:03,593] {logging_mixin.py:104} WARNING -   File "/usr/local/lib/python3.6/logging/__init__.py", line 998, in emit
    self.flush()
[2023-10-01 10:16:03,624] {logging_mixin.py:104} WARNING -   File "/usr/local/lib/python3.6/logging/__init__.py", line 978, in flush
    self.stream.flush()
[2023-10-01 10:16:03,642] {logging_mixin.py:104} WARNING - RuntimeError: reentrant call inside <_io.BufferedWriter name='/opt/airflow/logs/postgres_v2/create_postgres_connection/2021-08-09T00:00:00+00:00/1.log'>
[2023-10-01 10:16:03,737] {logging_mixin.py:104} WARNING - 
During handling of the above exception, another exception occurred:
[2023-10-01 10:16:03,768] {logging_mixin.py:104} WARNING - Traceback (most recent call last):
[2023-10-01 10:16:03,791] {logging_mixin.py:104} WARNING -   File "/usr/local/lib/python3.6/logging/__init__.py", line 998, in emit
    self.flush()
[2023-10-01 10:16:03,854] {logging_mixin.py:104} WARNING -   File "/usr/local/lib/python3.6/logging/__init__.py", line 978, in flush
    self.stream.flush()
[2023-10-01 10:16:04,056] {logging_mixin.py:104} WARNING - RuntimeError: reentrant call inside <_io.BufferedWriter name='/opt/airflow/logs/postgres_v2/create_postgres_connection/2021-08-09T00:00:00+00:00/1.log'>
[2023-10-01 10:16:04,070] {logging_mixin.py:104} WARNING - 
During handling of the above exception, another exception occurred:
[2023-10-01 10:16:04,093] {logging_mixin.py:104} WARNING - Traceback (most recent call last):
[2023-10-01 10:16:04,103] {logging_mixin.py:104} WARNING -   File "/usr/local/lib/python3.6/logging/__init__.py", line 998, in emit
    self.flush()
[2023-10-01 10:16:04,122] {logging_mixin.py:104} WARNING -   File "/usr/local/lib/python3.6/logging/__init__.py", line 978, in flush
    self.stream.flush()
[2023-10-01 10:16:04,150] {logging_mixin.py:104} WARNING - RuntimeError: reentrant call inside <_io.BufferedWriter name='/opt/airflow/logs/postgres_v2/create_postgres_connection/2021-08-09T00:00:00+00:00/1.log'>
[2023-10-01 10:16:04,158] {logging_mixin.py:104} WARNING - 
During handling of the above exception, another exception occurred:
[2023-10-01 10:16:04,174] {logging_mixin.py:104} WARNING - Traceback (most recent call last):
[2023-10-01 10:16:04,193] {logging_mixin.py:104} WARNING -   File "/usr/local/lib/python3.6/logging/__init__.py", line 998, in emit
    self.flush()
[2023-10-01 10:16:04,219] {logging_mixin.py:104} WARNING -   File "/usr/local/lib/python3.6/logging/__init__.py", line 978, in flush
    self.stream.flush()
[2023-10-01 10:16:04,260] {logging_mixin.py:104} WARNING - RuntimeError: reentrant call inside <_io.BufferedWriter name='/opt/airflow/logs/postgres_v2/create_postgres_connection/2021-08-09T00:00:00+00:00/1.log'>
[2023-10-01 10:16:04,278] {logging_mixin.py:104} WARNING - 
During handling of the above exception, another exception occurred:
[2023-10-01 10:16:04,308] {logging_mixin.py:104} WARNING - Traceback (most recent call last):
[2023-10-01 10:16:04,334] {logging_mixin.py:104} WARNING -   File "/usr/local/lib/python3.6/logging/__init__.py", line 998, in emit
    self.flush()
[2023-10-01 10:16:04,351] {logging_mixin.py:104} WARNING -   File "/usr/local/lib/python3.6/logging/__init__.py", line 978, in flush
    self.stream.flush()
[2023-10-01 10:16:04,391] {logging_mixin.py:104} WARNING - RuntimeError: reentrant call inside <_io.BufferedWriter name='/opt/airflow/logs/postgres_v2/create_postgres_connection/2021-08-09T00:00:00+00:00/1.log'>
[2023-10-01 10:16:04,424] {logging_mixin.py:104} WARNING - 
During handling of the above exception, another exception occurred:
[2023-10-01 10:16:04,440] {logging_mixin.py:104} WARNING - Traceback (most recent call last):
[2023-10-01 10:16:04,459] {logging_mixin.py:104} WARNING -   File "/usr/local/lib/python3.6/logging/__init__.py", line 998, in emit
    self.flush()
[2023-10-01 10:16:04,519] {logging_mixin.py:104} WARNING -   File "/usr/local/lib/python3.6/logging/__init__.py", line 978, in flush
    self.stream.flush()
[2023-10-01 10:16:04,539] {logging_mixin.py:104} WARNING - RuntimeError: reentrant call inside <_io.BufferedWriter name='/opt/airflow/logs/postgres_v2/create_postgres_connection/2021-08-09T00:00:00+00:00/1.log'>
[2023-10-01 10:16:04,563] {logging_mixin.py:104} WARNING - 
During handling of the above exception, another exception occurred:
[2023-10-01 10:16:04,598] {logging_mixin.py:104} WARNING - Traceback (most recent call last):
[2023-10-01 10:16:04,619] {logging_mixin.py:104} WARNING -   File "/usr/local/lib/python3.6/logging/__init__.py", line 998, in emit
    self.flush()
[2023-10-01 10:16:04,647] {logging_mixin.py:104} WARNING -   File "/usr/local/lib/python3.6/logging/__init__.py", line 978, in flush
    self.stream.flush()
[2023-10-01 10:16:04,668] {logging_mixin.py:104} WARNING - RuntimeError: reentrant call inside <_io.BufferedWriter name='/opt/airflow/logs/postgres_v2/create_postgres_connection/2021-08-09T00:00:00+00:00/1.log'>
[2023-10-01 10:16:04,698] {logging_mixin.py:104} WARNING - 
During handling of the above exception, another exception occurred:
[2023-10-01 10:16:04,731] {logging_mixin.py:104} WARNING - Traceback (most recent call last):
[2023-10-01 10:16:04,752] {logging_mixin.py:104} WARNING -   File "/usr/local/lib/python3.6/logging/__init__.py", line 998, in emit
    self.flush()
[2023-10-01 10:16:04,774] {logging_mixin.py:104} WARNING -   File "/usr/local/lib/python3.6/logging/__init__.py", line 978, in flush
    self.stream.flush()
[2023-10-01 10:16:04,795] {logging_mixin.py:104} WARNING - RuntimeError: reentrant call inside <_io.BufferedWriter name='/opt/airflow/logs/postgres_v2/create_postgres_connection/2021-08-09T00:00:00+00:00/1.log'>
[2023-10-01 10:16:04,817] {logging_mixin.py:104} WARNING - 
During handling of the above exception, another exception occurred:
[2023-10-01 10:16:04,845] {logging_mixin.py:104} WARNING - Traceback (most recent call last):
[2023-10-01 10:16:04,863] {logging_mixin.py:104} WARNING -   File "/usr/local/lib/python3.6/logging/__init__.py", line 998, in emit
    self.flush()
[2023-10-01 10:16:04,884] {logging_mixin.py:104} WARNING -   File "/usr/local/lib/python3.6/logging/__init__.py", line 978, in flush
    self.stream.flush()
[2023-10-01 10:16:04,901] {logging_mixin.py:104} WARNING - RuntimeError: reentrant call inside <_io.BufferedWriter name='/opt/airflow/logs/postgres_v2/create_postgres_connection/2021-08-09T00:00:00+00:00/1.log'>
[2023-10-01 10:16:04,918] {logging_mixin.py:104} WARNING - 
During handling of the above exception, another exception occurred:
[2023-10-01 10:16:04,934] {logging_mixin.py:104} WARNING - Traceback (most recent call last):
[2023-10-01 10:16:04,951] {logging_mixin.py:104} WARNING -   File "/usr/local/lib/python3.6/logging/__init__.py", line 998, in emit
    self.flush()
[2023-10-01 10:16:04,981] {logging_mixin.py:104} WARNING -   File "/usr/local/lib/python3.6/logging/__init__.py", line 978, in flush
    self.stream.flush()
[2023-10-01 10:16:04,997] {logging_mixin.py:104} WARNING - RuntimeError: reentrant call inside <_io.BufferedWriter name='/opt/airflow/logs/postgres_v2/create_postgres_connection/2021-08-09T00:00:00+00:00/1.log'>
[2023-10-01 10:16:05,023] {logging_mixin.py:104} WARNING - 
During handling of the above exception, another exception occurred:
[2023-10-01 10:16:05,034] {logging_mixin.py:104} WARNING - Traceback (most recent call last):
[2023-10-01 10:16:05,050] {logging_mixin.py:104} WARNING -   File "/usr/local/lib/python3.6/logging/__init__.py", line 998, in emit
    self.flush()
[2023-10-01 10:16:05,606] {logging_mixin.py:104} WARNING -   File "/usr/local/lib/python3.6/logging/__init__.py", line 978, in flush
    self.stream.flush()
[2023-10-01 10:16:05,650] {logging_mixin.py:104} WARNING - RuntimeError: reentrant call inside <_io.BufferedWriter name='/opt/airflow/logs/postgres_v2/create_postgres_connection/2021-08-09T00:00:00+00:00/1.log'>
[2023-10-01 10:16:05,661] {logging_mixin.py:104} WARNING - 
During handling of the above exception, another exception occurred:
[2023-10-01 10:16:05,678] {logging_mixin.py:104} WARNING - Traceback (most recent call last):
[2023-10-01 10:16:05,681] {logging_mixin.py:104} WARNING -   File "/usr/local/lib/python3.6/logging/__init__.py", line 998, in emit
    self.flush()
[2023-10-01 10:16:05,685] {logging_mixin.py:104} WARNING -   File "/usr/local/lib/python3.6/logging/__init__.py", line 978, in flush
    self.stream.flush()
[2023-10-01 10:16:05,691] {logging_mixin.py:104} WARNING - RuntimeError: reentrant call inside <_io.BufferedWriter name='/opt/airflow/logs/postgres_v2/create_postgres_connection/2021-08-09T00:00:00+00:00/1.log'>
[2023-10-01 10:16:05,712] {logging_mixin.py:104} WARNING - 
During handling of the above exception, another exception occurred:
[2023-10-01 10:16:05,729] {logging_mixin.py:104} WARNING - Traceback (most recent call last):
[2023-10-01 10:16:05,737] {logging_mixin.py:104} WARNING -   File "/usr/local/lib/python3.6/logging/__init__.py", line 998, in emit
    self.flush()
[2023-10-01 10:16:05,739] {logging_mixin.py:104} WARNING -   File "/usr/local/lib/python3.6/logging/__init__.py", line 978, in flush
    self.stream.flush()
[2023-10-01 10:16:05,741] {logging_mixin.py:104} WARNING - RuntimeError: reentrant call inside <_io.BufferedWriter name='/opt/airflow/logs/postgres_v2/create_postgres_connection/2021-08-09T00:00:00+00:00/1.log'>
[2023-10-01 10:16:05,745] {logging_mixin.py:104} WARNING - 
During handling of the above exception, another exception occurred:
[2023-10-01 10:16:05,750] {logging_mixin.py:104} WARNING - Traceback (most recent call last):
[2023-10-01 10:16:05,757] {logging_mixin.py:104} WARNING -   File "/usr/local/lib/python3.6/logging/__init__.py", line 998, in emit
    self.flush()
[2023-10-01 10:16:05,788] {logging_mixin.py:104} WARNING -   File "/usr/local/lib/python3.6/logging/__init__.py", line 978, in flush
    self.stream.flush()
[2023-10-01 10:16:05,814] {logging_mixin.py:104} WARNING - RuntimeError: reentrant call inside <_io.BufferedWriter name='/opt/airflow/logs/postgres_v2/create_postgres_connection/2021-08-09T00:00:00+00:00/1.log'>
[2023-10-01 10:16:05,870] {logging_mixin.py:104} WARNING - 
During handling of the above exception, another exception occurred:
[2023-10-01 10:16:06,034] {logging_mixin.py:104} WARNING - Traceback (most recent call last):
[2023-10-01 10:16:06,075] {logging_mixin.py:104} WARNING -   File "/usr/local/lib/python3.6/logging/__init__.py", line 998, in emit
    self.flush()
[2023-10-01 10:16:08,938] {logging_mixin.py:104} WARNING -   File "/usr/local/lib/python3.6/logging/__init__.py", line 978, in flush
    self.stream.flush()
[2023-10-01 10:16:09,075] {logging_mixin.py:104} WARNING - RuntimeError: reentrant call inside <_io.BufferedWriter name='/opt/airflow/logs/postgres_v2/create_postgres_connection/2021-08-09T00:00:00+00:00/1.log'>
[2023-10-01 10:16:09,194] {logging_mixin.py:104} WARNING - 
During handling of the above exception, another exception occurred:
[2023-10-01 10:16:09,198] {logging_mixin.py:104} WARNING - Traceback (most recent call last):
[2023-10-01 10:16:09,289] {logging_mixin.py:104} WARNING -   File "/usr/local/lib/python3.6/logging/__init__.py", line 998, in emit
    self.flush()
[2023-10-01 10:16:09,613] {logging_mixin.py:104} WARNING -   File "/usr/local/lib/python3.6/logging/__init__.py", line 978, in flush
    self.stream.flush()
[2023-10-01 10:16:09,657] {logging_mixin.py:104} WARNING - RuntimeError: reentrant call inside <_io.BufferedWriter name='/opt/airflow/logs/postgres_v2/create_postgres_connection/2021-08-09T00:00:00+00:00/1.log'>
[2023-10-01 10:16:09,713] {logging_mixin.py:104} WARNING - 
During handling of the above exception, another exception occurred:
[2023-10-01 10:16:09,796] {logging_mixin.py:104} WARNING - Traceback (most recent call last):
[2023-10-01 10:16:10,049] {logging_mixin.py:104} WARNING -   File "/usr/local/lib/python3.6/logging/__init__.py", line 998, in emit
    self.flush()
[2023-10-01 10:16:10,073] {logging_mixin.py:104} WARNING -   File "/usr/local/lib/python3.6/logging/__init__.py", line 978, in flush
    self.stream.flush()
[2023-10-01 10:16:13,087] {logging_mixin.py:104} WARNING - RuntimeError: reentrant call inside <_io.BufferedWriter name='/opt/airflow/logs/postgres_v2/create_postgres_connection/2021-08-09T00:00:00+00:00/1.log'>
[2023-10-01 10:16:13,472] {logging_mixin.py:104} WARNING - 
During handling of the above exception, another exception occurred:
[2023-10-01 10:16:13,689] {logging_mixin.py:104} WARNING - Traceback (most recent call last):
[2023-10-01 10:16:13,700] {logging_mixin.py:104} WARNING -   File "/usr/local/lib/python3.6/logging/__init__.py", line 998, in emit
    self.flush()
[2023-10-01 10:16:13,722] {logging_mixin.py:104} WARNING -   File "/usr/local/lib/python3.6/logging/__init__.py", line 978, in flush
    self.stream.flush()
[2023-10-01 10:16:13,765] {logging_mixin.py:104} WARNING - RuntimeError: reentrant call inside <_io.BufferedWriter name='/opt/airflow/logs/postgres_v2/create_postgres_connection/2021-08-09T00:00:00+00:00/1.log'>
[2023-10-01 10:16:13,813] {logging_mixin.py:104} WARNING - 
During handling of the above exception, another exception occurred:
[2023-10-01 10:16:13,927] {logging_mixin.py:104} WARNING - Traceback (most recent call last):
[2023-10-01 10:16:13,967] {logging_mixin.py:104} WARNING -   File "/usr/local/lib/python3.6/logging/__init__.py", line 998, in emit
    self.flush()
[2023-10-01 10:16:14,018] {logging_mixin.py:104} WARNING -   File "/usr/local/lib/python3.6/logging/__init__.py", line 978, in flush
    self.stream.flush()
[2023-10-01 10:16:14,104] {logging_mixin.py:104} WARNING - RuntimeError: reentrant call inside <_io.BufferedWriter name='/opt/airflow/logs/postgres_v2/create_postgres_connection/2021-08-09T00:00:00+00:00/1.log'>
[2023-10-01 10:16:14,117] {logging_mixin.py:104} WARNING - 
During handling of the above exception, another exception occurred:
[2023-10-01 10:16:14,148] {logging_mixin.py:104} WARNING - Traceback (most recent call last):
[2023-10-01 10:16:14,199] {logging_mixin.py:104} WARNING -   File "/usr/local/lib/python3.6/logging/__init__.py", line 998, in emit
    self.flush()
[2023-10-01 10:16:14,204] {logging_mixin.py:104} WARNING -   File "/usr/local/lib/python3.6/logging/__init__.py", line 978, in flush
    self.stream.flush()
[2023-10-01 10:16:14,232] {logging_mixin.py:104} WARNING - RuntimeError: reentrant call inside <_io.BufferedWriter name='/opt/airflow/logs/postgres_v2/create_postgres_connection/2021-08-09T00:00:00+00:00/1.log'>
[2023-10-01 10:16:14,274] {logging_mixin.py:104} WARNING - 
During handling of the above exception, another exception occurred:
[2023-10-01 10:16:14,370] {logging_mixin.py:104} WARNING - Traceback (most recent call last):
[2023-10-01 10:16:14,381] {logging_mixin.py:104} WARNING -   File "/usr/local/lib/python3.6/logging/__init__.py", line 998, in emit
    self.flush()
[2023-10-01 10:16:14,403] {logging_mixin.py:104} WARNING -   File "/usr/local/lib/python3.6/logging/__init__.py", line 978, in flush
    self.stream.flush()
[2023-10-01 10:16:14,396] {logging_mixin.py:104} WARNING - RuntimeError: reentrant call inside <_io.BufferedWriter name='/opt/airflow/logs/postgres_v2/create_postgres_connection/2021-08-09T00:00:00+00:00/1.log'>
[2023-10-01 10:16:14,402] {logging_mixin.py:104} WARNING - 
During handling of the above exception, another exception occurred:
[2023-10-01 10:16:14,412] {logging_mixin.py:104} WARNING - Traceback (most recent call last):
[2023-10-01 10:16:14,444] {logging_mixin.py:104} WARNING -   File "/usr/local/lib/python3.6/logging/__init__.py", line 998, in emit
    self.flush()
[2023-10-01 10:16:14,470] {logging_mixin.py:104} WARNING -   File "/usr/local/lib/python3.6/logging/__init__.py", line 978, in flush
    self.stream.flush()
[2023-10-01 10:16:14,476] {logging_mixin.py:104} WARNING - RuntimeError: reentrant call inside <_io.BufferedWriter name='/opt/airflow/logs/postgres_v2/create_postgres_connection/2021-08-09T00:00:00+00:00/1.log'>
[2023-10-01 10:16:14,558] {logging_mixin.py:104} WARNING - 
During handling of the above exception, another exception occurred:
[2023-10-01 10:16:14,577] {logging_mixin.py:104} WARNING - Traceback (most recent call last):
[2023-10-01 10:16:14,640] {logging_mixin.py:104} WARNING -   File "/usr/local/lib/python3.6/logging/__init__.py", line 998, in emit
    self.flush()
[2023-10-01 10:16:14,733] {logging_mixin.py:104} WARNING -   File "/usr/local/lib/python3.6/logging/__init__.py", line 978, in flush
    self.stream.flush()
[2023-10-01 10:16:14,742] {logging_mixin.py:104} WARNING - RuntimeError: reentrant call inside <_io.BufferedWriter name='/opt/airflow/logs/postgres_v2/create_postgres_connection/2021-08-09T00:00:00+00:00/1.log'>
[2023-10-01 10:16:14,808] {logging_mixin.py:104} WARNING - 
During handling of the above exception, another exception occurred:
[2023-10-01 10:16:14,858] {logging_mixin.py:104} WARNING - Traceback (most recent call last):
[2023-10-01 10:16:14,904] {logging_mixin.py:104} WARNING -   File "/usr/local/lib/python3.6/logging/__init__.py", line 998, in emit
    self.flush()
[2023-10-01 10:16:15,024] {logging_mixin.py:104} WARNING -   File "/usr/local/lib/python3.6/logging/__init__.py", line 978, in flush
    self.stream.flush()
[2023-10-01 10:16:15,073] {logging_mixin.py:104} WARNING - RuntimeError: reentrant call inside <_io.BufferedWriter name='/opt/airflow/logs/postgres_v2/create_postgres_connection/2021-08-09T00:00:00+00:00/1.log'>
[2023-10-01 10:16:15,107] {logging_mixin.py:104} WARNING - 
During handling of the above exception, another exception occurred:
[2023-10-01 10:16:15,204] {logging_mixin.py:104} WARNING - Traceback (most recent call last):
[2023-10-01 10:16:15,233] {logging_mixin.py:104} WARNING -   File "/usr/local/lib/python3.6/logging/__init__.py", line 998, in emit
    self.flush()
[2023-10-01 10:16:15,261] {logging_mixin.py:104} WARNING -   File "/usr/local/lib/python3.6/logging/__init__.py", line 978, in flush
    self.stream.flush()
[2023-10-01 10:16:15,370] {logging_mixin.py:104} WARNING - RuntimeError: reentrant call inside <_io.BufferedWriter name='/opt/airflow/logs/postgres_v2/create_postgres_connection/2021-08-09T00:00:00+00:00/1.log'>
[2023-10-01 10:16:15,406] {logging_mixin.py:104} WARNING - 
During handling of the above exception, another exception occurred:
[2023-10-01 10:16:15,436] {logging_mixin.py:104} WARNING - Traceback (most recent call last):
[2023-10-01 10:16:15,447] {logging_mixin.py:104} WARNING -   File "/usr/local/lib/python3.6/logging/__init__.py", line 998, in emit
    self.flush()
[2023-10-01 10:16:15,450] {logging_mixin.py:104} WARNING -   File "/usr/local/lib/python3.6/logging/__init__.py", line 978, in flush
    self.stream.flush()
[2023-10-01 10:16:15,457] {logging_mixin.py:104} WARNING - RuntimeError: reentrant call inside <_io.BufferedWriter name='/opt/airflow/logs/postgres_v2/create_postgres_connection/2021-08-09T00:00:00+00:00/1.log'>
[2023-10-01 10:16:15,464] {logging_mixin.py:104} WARNING - 
During handling of the above exception, another exception occurred:
[2023-10-01 10:16:15,474] {logging_mixin.py:104} WARNING - Traceback (most recent call last):
[2023-10-01 10:16:15,477] {logging_mixin.py:104} WARNING -   File "/usr/local/lib/python3.6/logging/__init__.py", line 998, in emit
    self.flush()
[2023-10-01 10:16:15,486] {logging_mixin.py:104} WARNING -   File "/usr/local/lib/python3.6/logging/__init__.py", line 978, in flush
    self.stream.flush()
[2023-10-01 10:16:15,496] {logging_mixin.py:104} WARNING - RuntimeError: reentrant call inside <_io.BufferedWriter name='/opt/airflow/logs/postgres_v2/create_postgres_connection/2021-08-09T00:00:00+00:00/1.log'>
[2023-10-01 10:16:15,501] {logging_mixin.py:104} WARNING - 
During handling of the above exception, another exception occurred:
[2023-10-01 10:16:15,508] {logging_mixin.py:104} WARNING - Traceback (most recent call last):
[2023-10-01 10:16:15,525] {logging_mixin.py:104} WARNING -   File "/usr/local/lib/python3.6/logging/__init__.py", line 998, in emit
    self.flush()
[2023-10-01 10:16:15,533] {logging_mixin.py:104} WARNING -   File "/usr/local/lib/python3.6/logging/__init__.py", line 978, in flush
    self.stream.flush()
[2023-10-01 10:16:15,551] {logging_mixin.py:104} WARNING - RuntimeError: reentrant call inside <_io.BufferedWriter name='/opt/airflow/logs/postgres_v2/create_postgres_connection/2021-08-09T00:00:00+00:00/1.log'>
[2023-10-01 10:16:15,553] {logging_mixin.py:104} WARNING - 
During handling of the above exception, another exception occurred:
[2023-10-01 10:16:15,555] {logging_mixin.py:104} WARNING - Traceback (most recent call last):
[2023-10-01 10:16:15,557] {logging_mixin.py:104} WARNING -   File "/usr/local/lib/python3.6/logging/__init__.py", line 998, in emit
    self.flush()
[2023-10-01 10:16:15,575] {logging_mixin.py:104} WARNING -   File "/usr/local/lib/python3.6/logging/__init__.py", line 978, in flush
    self.stream.flush()
[2023-10-01 10:16:15,598] {logging_mixin.py:104} WARNING - RuntimeError: reentrant call inside <_io.BufferedWriter name='/opt/airflow/logs/postgres_v2/create_postgres_connection/2021-08-09T00:00:00+00:00/1.log'>
[2023-10-01 10:16:15,605] {logging_mixin.py:104} WARNING - 
During handling of the above exception, another exception occurred:
[2023-10-01 10:16:15,607] {logging_mixin.py:104} WARNING - Traceback (most recent call last):
[2023-10-01 10:16:15,618] {logging_mixin.py:104} WARNING -   File "/usr/local/lib/python3.6/logging/__init__.py", line 998, in emit
    self.flush()
[2023-10-01 10:16:15,624] {logging_mixin.py:104} WARNING -   File "/usr/local/lib/python3.6/logging/__init__.py", line 978, in flush
    self.stream.flush()
[2023-10-01 10:16:15,626] {logging_mixin.py:104} WARNING - RuntimeError: reentrant call inside <_io.BufferedWriter name='/opt/airflow/logs/postgres_v2/create_postgres_connection/2021-08-09T00:00:00+00:00/1.log'>
[2023-10-01 10:16:15,633] {logging_mixin.py:104} WARNING - 
During handling of the above exception, another exception occurred:
[2023-10-01 10:16:15,640] {logging_mixin.py:104} WARNING - Traceback (most recent call last):
[2023-10-01 10:16:15,645] {logging_mixin.py:104} WARNING -   File "/usr/local/lib/python3.6/logging/__init__.py", line 998, in emit
    self.flush()
[2023-10-01 10:16:15,653] {logging_mixin.py:104} WARNING -   File "/usr/local/lib/python3.6/logging/__init__.py", line 978, in flush
    self.stream.flush()
[2023-10-01 10:16:15,656] {logging_mixin.py:104} WARNING - RuntimeError: reentrant call inside <_io.BufferedWriter name='/opt/airflow/logs/postgres_v2/create_postgres_connection/2021-08-09T00:00:00+00:00/1.log'>
[2023-10-01 10:16:15,658] {logging_mixin.py:104} WARNING - 
During handling of the above exception, another exception occurred:
[2023-10-01 10:16:15,680] {logging_mixin.py:104} WARNING - Traceback (most recent call last):
[2023-10-01 10:16:15,746] {logging_mixin.py:104} WARNING -   File "/usr/local/lib/python3.6/logging/__init__.py", line 998, in emit
    self.flush()
[2023-10-01 10:16:15,866] {logging_mixin.py:104} WARNING -   File "/usr/local/lib/python3.6/logging/__init__.py", line 978, in flush
    self.stream.flush()
[2023-10-01 10:16:15,903] {logging_mixin.py:104} WARNING - RuntimeError: reentrant call inside <_io.BufferedWriter name='/opt/airflow/logs/postgres_v2/create_postgres_connection/2021-08-09T00:00:00+00:00/1.log'>
[2023-10-01 10:16:15,914] {logging_mixin.py:104} WARNING - 
During handling of the above exception, another exception occurred:
[2023-10-01 10:16:15,925] {logging_mixin.py:104} WARNING - Traceback (most recent call last):
[2023-10-01 10:16:15,933] {logging_mixin.py:104} WARNING -   File "/usr/local/lib/python3.6/logging/__init__.py", line 998, in emit
    self.flush()
[2023-10-01 10:16:15,943] {logging_mixin.py:104} WARNING -   File "/usr/local/lib/python3.6/logging/__init__.py", line 978, in flush
    self.stream.flush()
[2023-10-01 10:16:15,948] {logging_mixin.py:104} WARNING - RuntimeError: reentrant call inside <_io.BufferedWriter name='/opt/airflow/logs/postgres_v2/create_postgres_connection/2021-08-09T00:00:00+00:00/1.log'>
[2023-10-01 10:16:15,980] {logging_mixin.py:104} WARNING - 
During handling of the above exception, another exception occurred:
[2023-10-01 10:16:16,047] {logging_mixin.py:104} WARNING - Traceback (most recent call last):
[2023-10-01 10:16:16,070] {logging_mixin.py:104} WARNING -   File "/usr/local/lib/python3.6/logging/__init__.py", line 998, in emit
    self.flush()
[2023-10-01 10:16:16,093] {logging_mixin.py:104} WARNING -   File "/usr/local/lib/python3.6/logging/__init__.py", line 978, in flush
    self.stream.flush()
[2023-10-01 10:16:16,103] {logging_mixin.py:104} WARNING - RuntimeError: reentrant call inside <_io.BufferedWriter name='/opt/airflow/logs/postgres_v2/create_postgres_connection/2021-08-09T00:00:00+00:00/1.log'>
[2023-10-01 10:16:16,124] {logging_mixin.py:104} WARNING - 
During handling of the above exception, another exception occurred:
[2023-10-01 10:16:16,138] {logging_mixin.py:104} WARNING - Traceback (most recent call last):
[2023-10-01 10:16:16,140] {logging_mixin.py:104} WARNING -   File "/usr/local/lib/python3.6/logging/__init__.py", line 998, in emit
    self.flush()
[2023-10-01 10:16:16,164] {logging_mixin.py:104} WARNING -   File "/usr/local/lib/python3.6/logging/__init__.py", line 978, in flush
    self.stream.flush()
[2023-10-01 10:16:16,184] {logging_mixin.py:104} WARNING - RuntimeError: reentrant call inside <_io.BufferedWriter name='/opt/airflow/logs/postgres_v2/create_postgres_connection/2021-08-09T00:00:00+00:00/1.log'>
[2023-10-01 10:16:16,248] {logging_mixin.py:104} WARNING - 
During handling of the above exception, another exception occurred:
[2023-10-01 10:16:16,354] {logging_mixin.py:104} WARNING - Traceback (most recent call last):
[2023-10-01 10:16:16,411] {logging_mixin.py:104} WARNING -   File "/usr/local/lib/python3.6/logging/__init__.py", line 998, in emit
    self.flush()
[2023-10-01 10:16:16,424] {logging_mixin.py:104} WARNING -   File "/usr/local/lib/python3.6/logging/__init__.py", line 978, in flush
    self.stream.flush()
[2023-10-01 10:16:16,615] {logging_mixin.py:104} WARNING - RuntimeError: reentrant call inside <_io.BufferedWriter name='/opt/airflow/logs/postgres_v2/create_postgres_connection/2021-08-09T00:00:00+00:00/1.log'>
[2023-10-01 10:16:16,632] {logging_mixin.py:104} WARNING - 
During handling of the above exception, another exception occurred:
[2023-10-01 10:16:16,645] {logging_mixin.py:104} WARNING - Traceback (most recent call last):
[2023-10-01 10:16:16,654] {logging_mixin.py:104} WARNING -   File "/usr/local/lib/python3.6/logging/__init__.py", line 998, in emit
    self.flush()
[2023-10-01 10:16:16,671] {logging_mixin.py:104} WARNING -   File "/usr/local/lib/python3.6/logging/__init__.py", line 978, in flush
    self.stream.flush()
[2023-10-01 10:16:16,680] {logging_mixin.py:104} WARNING - RuntimeError: reentrant call inside <_io.BufferedWriter name='/opt/airflow/logs/postgres_v2/create_postgres_connection/2021-08-09T00:00:00+00:00/1.log'>
[2023-10-01 10:16:16,694] {logging_mixin.py:104} WARNING - 
During handling of the above exception, another exception occurred:
[2023-10-01 10:16:16,712] {logging_mixin.py:104} WARNING - Traceback (most recent call last):
[2023-10-01 10:16:16,721] {logging_mixin.py:104} WARNING -   File "/usr/local/lib/python3.6/logging/__init__.py", line 998, in emit
    self.flush()
[2023-10-01 10:16:16,729] {logging_mixin.py:104} WARNING -   File "/usr/local/lib/python3.6/logging/__init__.py", line 978, in flush
    self.stream.flush()
[2023-10-01 10:16:16,742] {logging_mixin.py:104} WARNING - RuntimeError: reentrant call inside <_io.BufferedWriter name='/opt/airflow/logs/postgres_v2/create_postgres_connection/2021-08-09T00:00:00+00:00/1.log'>
[2023-10-01 10:16:16,749] {logging_mixin.py:104} WARNING - 
During handling of the above exception, another exception occurred:
[2023-10-01 10:16:16,768] {logging_mixin.py:104} WARNING - Traceback (most recent call last):
[2023-10-01 10:16:16,814] {logging_mixin.py:104} WARNING -   File "/usr/local/lib/python3.6/logging/__init__.py", line 998, in emit
    self.flush()
[2023-10-01 10:16:16,839] {logging_mixin.py:104} WARNING -   File "/usr/local/lib/python3.6/logging/__init__.py", line 978, in flush
    self.stream.flush()
[2023-10-01 10:16:16,871] {logging_mixin.py:104} WARNING - RuntimeError: reentrant call inside <_io.BufferedWriter name='/opt/airflow/logs/postgres_v2/create_postgres_connection/2021-08-09T00:00:00+00:00/1.log'>
[2023-10-01 10:16:16,882] {logging_mixin.py:104} WARNING - 
During handling of the above exception, another exception occurred:
[2023-10-01 10:16:16,891] {logging_mixin.py:104} WARNING - Traceback (most recent call last):
[2023-10-01 10:16:16,893] {logging_mixin.py:104} WARNING -   File "/usr/local/lib/python3.6/logging/__init__.py", line 998, in emit
    self.flush()
[2023-10-01 10:16:16,895] {logging_mixin.py:104} WARNING -   File "/usr/local/lib/python3.6/logging/__init__.py", line 978, in flush
    self.stream.flush()
[2023-10-01 10:16:16,902] {logging_mixin.py:104} WARNING - RuntimeError: reentrant call inside <_io.BufferedWriter name='/opt/airflow/logs/postgres_v2/create_postgres_connection/2021-08-09T00:00:00+00:00/1.log'>
[2023-10-01 10:16:16,906] {logging_mixin.py:104} WARNING - 
During handling of the above exception, another exception occurred:
[2023-10-01 10:16:16,909] {logging_mixin.py:104} WARNING - Traceback (most recent call last):
[2023-10-01 10:16:16,918] {logging_mixin.py:104} WARNING -   File "/usr/local/lib/python3.6/logging/__init__.py", line 998, in emit
    self.flush()
[2023-10-01 10:16:16,922] {logging_mixin.py:104} WARNING -   File "/usr/local/lib/python3.6/logging/__init__.py", line 978, in flush
    self.stream.flush()
[2023-10-01 10:16:16,924] {logging_mixin.py:104} WARNING - RuntimeError: reentrant call inside <_io.BufferedWriter name='/opt/airflow/logs/postgres_v2/create_postgres_connection/2021-08-09T00:00:00+00:00/1.log'>
[2023-10-01 10:16:16,932] {logging_mixin.py:104} WARNING - 
During handling of the above exception, another exception occurred:
[2023-10-01 10:16:16,936] {logging_mixin.py:104} WARNING - Traceback (most recent call last):
[2023-10-01 10:16:16,941] {logging_mixin.py:104} WARNING -   File "/usr/local/lib/python3.6/logging/__init__.py", line 998, in emit
    self.flush()
[2023-10-01 10:16:16,949] {logging_mixin.py:104} WARNING -   File "/usr/local/lib/python3.6/logging/__init__.py", line 978, in flush
    self.stream.flush()
[2023-10-01 10:16:16,952] {logging_mixin.py:104} WARNING - RuntimeError: reentrant call inside <_io.BufferedWriter name='/opt/airflow/logs/postgres_v2/create_postgres_connection/2021-08-09T00:00:00+00:00/1.log'>
[2023-10-01 10:16:16,956] {logging_mixin.py:104} WARNING - 
During handling of the above exception, another exception occurred:
[2023-10-01 10:16:16,963] {logging_mixin.py:104} WARNING - Traceback (most recent call last):
[2023-10-01 10:16:16,969] {logging_mixin.py:104} WARNING -   File "/usr/local/lib/python3.6/logging/__init__.py", line 998, in emit
    self.flush()
[2023-10-01 10:16:16,976] {logging_mixin.py:104} WARNING -   File "/usr/local/lib/python3.6/logging/__init__.py", line 978, in flush
    self.stream.flush()
[2023-10-01 10:16:16,977] {logging_mixin.py:104} WARNING - RuntimeError: reentrant call inside <_io.BufferedWriter name='/opt/airflow/logs/postgres_v2/create_postgres_connection/2021-08-09T00:00:00+00:00/1.log'>
[2023-10-01 10:16:16,984] {logging_mixin.py:104} WARNING - 
During handling of the above exception, another exception occurred:
[2023-10-01 10:16:16,993] {logging_mixin.py:104} WARNING - Traceback (most recent call last):
[2023-10-01 10:16:16,997] {logging_mixin.py:104} WARNING -   File "/usr/local/lib/python3.6/logging/__init__.py", line 998, in emit
    self.flush()
[2023-10-01 10:16:17,004] {logging_mixin.py:104} WARNING -   File "/usr/local/lib/python3.6/logging/__init__.py", line 978, in flush
    self.stream.flush()
[2023-10-01 10:16:17,008] {logging_mixin.py:104} WARNING - RuntimeError: reentrant call inside <_io.BufferedWriter name='/opt/airflow/logs/postgres_v2/create_postgres_connection/2021-08-09T00:00:00+00:00/1.log'>
[2023-10-01 10:16:17,013] {logging_mixin.py:104} WARNING - 
During handling of the above exception, another exception occurred:
[2023-10-01 10:16:17,021] {logging_mixin.py:104} WARNING - Traceback (most recent call last):
[2023-10-01 10:16:17,027] {logging_mixin.py:104} WARNING -   File "/usr/local/lib/python3.6/logging/__init__.py", line 998, in emit
    self.flush()
[2023-10-01 10:16:17,061] {logging_mixin.py:104} WARNING -   File "/usr/local/lib/python3.6/logging/__init__.py", line 978, in flush
    self.stream.flush()
[2023-10-01 10:16:17,085] {logging_mixin.py:104} WARNING - RuntimeError: reentrant call inside <_io.BufferedWriter name='/opt/airflow/logs/postgres_v2/create_postgres_connection/2021-08-09T00:00:00+00:00/1.log'>
[2023-10-01 10:16:17,107] {logging_mixin.py:104} WARNING - 
During handling of the above exception, another exception occurred:
[2023-10-01 10:16:17,126] {logging_mixin.py:104} WARNING - Traceback (most recent call last):
[2023-10-01 10:16:17,133] {logging_mixin.py:104} WARNING -   File "/usr/local/lib/python3.6/logging/__init__.py", line 998, in emit
    self.flush()
[2023-10-01 10:16:17,144] {logging_mixin.py:104} WARNING -   File "/usr/local/lib/python3.6/logging/__init__.py", line 978, in flush
    self.stream.flush()
[2023-10-01 10:16:17,172] {logging_mixin.py:104} WARNING - RuntimeError: reentrant call inside <_io.BufferedWriter name='/opt/airflow/logs/postgres_v2/create_postgres_connection/2021-08-09T00:00:00+00:00/1.log'>
[2023-10-01 10:16:17,200] {logging_mixin.py:104} WARNING - 
During handling of the above exception, another exception occurred:
[2023-10-01 10:16:17,212] {logging_mixin.py:104} WARNING - Traceback (most recent call last):
[2023-10-01 10:16:17,224] {logging_mixin.py:104} WARNING -   File "/usr/local/lib/python3.6/logging/__init__.py", line 998, in emit
    self.flush()
[2023-10-01 10:16:17,229] {logging_mixin.py:104} WARNING -   File "/usr/local/lib/python3.6/logging/__init__.py", line 978, in flush
    self.stream.flush()
[2023-10-01 10:16:17,248] {logging_mixin.py:104} WARNING - RuntimeError: reentrant call inside <_io.BufferedWriter name='/opt/airflow/logs/postgres_v2/create_postgres_connection/2021-08-09T00:00:00+00:00/1.log'>
[2023-10-01 10:16:17,257] {logging_mixin.py:104} WARNING - 
During handling of the above exception, another exception occurred:
[2023-10-01 10:16:17,262] {logging_mixin.py:104} WARNING - Traceback (most recent call last):
[2023-10-01 10:16:17,266] {logging_mixin.py:104} WARNING -   File "/usr/local/lib/python3.6/logging/__init__.py", line 998, in emit
    self.flush()
[2023-10-01 10:16:17,274] {logging_mixin.py:104} WARNING -   File "/usr/local/lib/python3.6/logging/__init__.py", line 978, in flush
    self.stream.flush()
[2023-10-01 10:16:18,767] {logging_mixin.py:104} WARNING - RuntimeError: reentrant call inside <_io.BufferedWriter name='/opt/airflow/logs/postgres_v2/create_postgres_connection/2021-08-09T00:00:00+00:00/1.log'>
[2023-10-01 10:16:18,780] {logging_mixin.py:104} WARNING - 
During handling of the above exception, another exception occurred:
[2023-10-01 10:16:18,800] {logging_mixin.py:104} WARNING - Traceback (most recent call last):
[2023-10-01 10:16:18,814] {logging_mixin.py:104} WARNING -   File "/usr/local/lib/python3.6/logging/__init__.py", line 998, in emit
    self.flush()
[2023-10-01 10:16:18,833] {logging_mixin.py:104} WARNING -   File "/usr/local/lib/python3.6/logging/__init__.py", line 978, in flush
    self.stream.flush()
[2023-10-01 10:16:18,849] {logging_mixin.py:104} WARNING - RuntimeError: reentrant call inside <_io.BufferedWriter name='/opt/airflow/logs/postgres_v2/create_postgres_connection/2021-08-09T00:00:00+00:00/1.log'>
[2023-10-01 10:16:18,936] {logging_mixin.py:104} WARNING - 
During handling of the above exception, another exception occurred:
[2023-10-01 10:16:18,945] {logging_mixin.py:104} WARNING - Traceback (most recent call last):
[2023-10-01 10:16:18,996] {logging_mixin.py:104} WARNING -   File "/usr/local/lib/python3.6/logging/__init__.py", line 998, in emit
    self.flush()
[2023-10-01 10:16:19,043] {logging_mixin.py:104} WARNING -   File "/usr/local/lib/python3.6/logging/__init__.py", line 978, in flush
    self.stream.flush()
[2023-10-01 10:16:19,073] {logging_mixin.py:104} WARNING - RuntimeError: reentrant call inside <_io.BufferedWriter name='/opt/airflow/logs/postgres_v2/create_postgres_connection/2021-08-09T00:00:00+00:00/1.log'>
[2023-10-01 10:16:19,089] {logging_mixin.py:104} WARNING - 
During handling of the above exception, another exception occurred:
[2023-10-01 10:16:19,106] {logging_mixin.py:104} WARNING - Traceback (most recent call last):
[2023-10-01 10:16:19,202] {logging_mixin.py:104} WARNING -   File "/usr/local/lib/python3.6/logging/__init__.py", line 998, in emit
    self.flush()
[2023-10-01 10:16:19,216] {logging_mixin.py:104} WARNING -   File "/usr/local/lib/python3.6/logging/__init__.py", line 978, in flush
    self.stream.flush()
[2023-10-01 10:16:19,236] {logging_mixin.py:104} WARNING - RuntimeError: reentrant call inside <_io.BufferedWriter name='/opt/airflow/logs/postgres_v2/create_postgres_connection/2021-08-09T00:00:00+00:00/1.log'>
[2023-10-01 10:16:19,245] {logging_mixin.py:104} WARNING - 
During handling of the above exception, another exception occurred:
[2023-10-01 10:16:19,262] {logging_mixin.py:104} WARNING - Traceback (most recent call last):
[2023-10-01 10:16:19,297] {logging_mixin.py:104} WARNING -   File "/usr/local/lib/python3.6/logging/__init__.py", line 998, in emit
    self.flush()
[2023-10-01 10:16:19,312] {logging_mixin.py:104} WARNING -   File "/usr/local/lib/python3.6/logging/__init__.py", line 978, in flush
    self.stream.flush()
[2023-10-01 10:16:19,315] {logging_mixin.py:104} WARNING - RuntimeError: reentrant call inside <_io.BufferedWriter name='/opt/airflow/logs/postgres_v2/create_postgres_connection/2021-08-09T00:00:00+00:00/1.log'>
[2023-10-01 10:16:19,323] {logging_mixin.py:104} WARNING - 
During handling of the above exception, another exception occurred:
[2023-10-01 10:16:19,359] {logging_mixin.py:104} WARNING - Traceback (most recent call last):
[2023-10-01 10:16:19,378] {logging_mixin.py:104} WARNING -   File "/usr/local/lib/python3.6/logging/__init__.py", line 998, in emit
    self.flush()
[2023-10-01 10:16:19,407] {logging_mixin.py:104} WARNING -   File "/usr/local/lib/python3.6/logging/__init__.py", line 978, in flush
    self.stream.flush()
[2023-10-01 10:16:19,694] {logging_mixin.py:104} WARNING - RuntimeError: reentrant call inside <_io.BufferedWriter name='/opt/airflow/logs/postgres_v2/create_postgres_connection/2021-08-09T00:00:00+00:00/1.log'>
[2023-10-01 10:16:19,742] {logging_mixin.py:104} WARNING - 
During handling of the above exception, another exception occurred:
[2023-10-01 10:16:19,758] {logging_mixin.py:104} WARNING - Traceback (most recent call last):
[2023-10-01 10:16:19,772] {logging_mixin.py:104} WARNING -   File "/usr/local/lib/python3.6/logging/__init__.py", line 998, in emit
    self.flush()
[2023-10-01 10:16:19,780] {logging_mixin.py:104} WARNING -   File "/usr/local/lib/python3.6/logging/__init__.py", line 978, in flush
    self.stream.flush()
[2023-10-01 10:16:19,827] {logging_mixin.py:104} WARNING - RuntimeError: reentrant call inside <_io.BufferedWriter name='/opt/airflow/logs/postgres_v2/create_postgres_connection/2021-08-09T00:00:00+00:00/1.log'>
[2023-10-01 10:16:19,900] {logging_mixin.py:104} WARNING - 
During handling of the above exception, another exception occurred:
[2023-10-01 10:16:19,951] {logging_mixin.py:104} WARNING - Traceback (most recent call last):
[2023-10-01 10:16:19,975] {logging_mixin.py:104} WARNING -   File "/usr/local/lib/python3.6/logging/__init__.py", line 998, in emit
    self.flush()
[2023-10-01 10:16:19,985] {logging_mixin.py:104} WARNING -   File "/usr/local/lib/python3.6/logging/__init__.py", line 978, in flush
    self.stream.flush()
[2023-10-01 10:16:20,031] {logging_mixin.py:104} WARNING - RuntimeError: reentrant call inside <_io.BufferedWriter name='/opt/airflow/logs/postgres_v2/create_postgres_connection/2021-08-09T00:00:00+00:00/1.log'>
[2023-10-01 10:16:20,043] {logging_mixin.py:104} WARNING - 
During handling of the above exception, another exception occurred:
[2023-10-01 10:16:20,080] {logging_mixin.py:104} WARNING - Traceback (most recent call last):
[2023-10-01 10:16:20,107] {logging_mixin.py:104} WARNING -   File "/usr/local/lib/python3.6/logging/__init__.py", line 998, in emit
    self.flush()
[2023-10-01 10:16:20,115] {logging_mixin.py:104} WARNING -   File "/usr/local/lib/python3.6/logging/__init__.py", line 978, in flush
    self.stream.flush()
[2023-10-01 10:16:20,133] {logging_mixin.py:104} WARNING - RuntimeError: reentrant call inside <_io.BufferedWriter name='/opt/airflow/logs/postgres_v2/create_postgres_connection/2021-08-09T00:00:00+00:00/1.log'>
[2023-10-01 10:16:20,143] {logging_mixin.py:104} WARNING - 
During handling of the above exception, another exception occurred:
[2023-10-01 10:16:20,191] {logging_mixin.py:104} WARNING - Traceback (most recent call last):
[2023-10-01 10:16:20,203] {logging_mixin.py:104} WARNING -   File "/usr/local/lib/python3.6/logging/__init__.py", line 998, in emit
    self.flush()
[2023-10-01 10:16:20,211] {logging_mixin.py:104} WARNING -   File "/usr/local/lib/python3.6/logging/__init__.py", line 978, in flush
    self.stream.flush()
[2023-10-01 10:16:20,215] {logging_mixin.py:104} WARNING - RuntimeError: reentrant call inside <_io.BufferedWriter name='/opt/airflow/logs/postgres_v2/create_postgres_connection/2021-08-09T00:00:00+00:00/1.log'>
[2023-10-01 10:16:20,224] {logging_mixin.py:104} WARNING - 
During handling of the above exception, another exception occurred:
[2023-10-01 10:16:20,239] {logging_mixin.py:104} WARNING - Traceback (most recent call last):
[2023-10-01 10:16:20,251] {logging_mixin.py:104} WARNING -   File "/usr/local/lib/python3.6/logging/__init__.py", line 998, in emit
    self.flush()
[2023-10-01 10:16:20,254] {logging_mixin.py:104} WARNING -   File "/usr/local/lib/python3.6/logging/__init__.py", line 978, in flush
    self.stream.flush()
[2023-10-01 10:16:20,263] {logging_mixin.py:104} WARNING - RuntimeError: reentrant call inside <_io.BufferedWriter name='/opt/airflow/logs/postgres_v2/create_postgres_connection/2021-08-09T00:00:00+00:00/1.log'>
[2023-10-01 10:16:20,269] {logging_mixin.py:104} WARNING - 
During handling of the above exception, another exception occurred:
[2023-10-01 10:16:20,289] {logging_mixin.py:104} WARNING - Traceback (most recent call last):
[2023-10-01 10:16:20,299] {logging_mixin.py:104} WARNING -   File "/usr/local/lib/python3.6/logging/__init__.py", line 998, in emit
    self.flush()
[2023-10-01 10:16:20,311] {logging_mixin.py:104} WARNING -   File "/usr/local/lib/python3.6/logging/__init__.py", line 978, in flush
    self.stream.flush()
[2023-10-01 10:16:20,316] {logging_mixin.py:104} WARNING - RuntimeError: reentrant call inside <_io.BufferedWriter name='/opt/airflow/logs/postgres_v2/create_postgres_connection/2021-08-09T00:00:00+00:00/1.log'>
[2023-10-01 10:16:20,327] {logging_mixin.py:104} WARNING - 
During handling of the above exception, another exception occurred:
[2023-10-01 10:16:20,335] {logging_mixin.py:104} WARNING - Traceback (most recent call last):
[2023-10-01 10:16:20,342] {logging_mixin.py:104} WARNING -   File "/usr/local/lib/python3.6/logging/__init__.py", line 998, in emit
    self.flush()
[2023-10-01 10:16:20,350] {logging_mixin.py:104} WARNING -   File "/usr/local/lib/python3.6/logging/__init__.py", line 978, in flush
    self.stream.flush()
[2023-10-01 10:16:20,353] {logging_mixin.py:104} WARNING - RuntimeError: reentrant call inside <_io.BufferedWriter name='/opt/airflow/logs/postgres_v2/create_postgres_connection/2021-08-09T00:00:00+00:00/1.log'>
[2023-10-01 10:16:20,365] {logging_mixin.py:104} WARNING - 
During handling of the above exception, another exception occurred:
[2023-10-01 10:16:20,370] {logging_mixin.py:104} WARNING - Traceback (most recent call last):
[2023-10-01 10:16:20,379] {logging_mixin.py:104} WARNING -   File "/usr/local/lib/python3.6/logging/__init__.py", line 998, in emit
    self.flush()
[2023-10-01 10:16:20,384] {logging_mixin.py:104} WARNING -   File "/usr/local/lib/python3.6/logging/__init__.py", line 978, in flush
    self.stream.flush()
[2023-10-01 10:16:20,401] {logging_mixin.py:104} WARNING - RuntimeError: reentrant call inside <_io.BufferedWriter name='/opt/airflow/logs/postgres_v2/create_postgres_connection/2021-08-09T00:00:00+00:00/1.log'>
[2023-10-01 10:16:20,431] {logging_mixin.py:104} WARNING - 
During handling of the above exception, another exception occurred:
[2023-10-01 10:16:20,461] {logging_mixin.py:104} WARNING - Traceback (most recent call last):
[2023-10-01 10:16:20,467] {logging_mixin.py:104} WARNING -   File "/usr/local/lib/python3.6/logging/__init__.py", line 998, in emit
    self.flush()
[2023-10-01 10:16:20,497] {logging_mixin.py:104} WARNING -   File "/usr/local/lib/python3.6/logging/__init__.py", line 978, in flush
    self.stream.flush()
[2023-10-01 10:16:20,510] {logging_mixin.py:104} WARNING - RuntimeError: reentrant call inside <_io.BufferedWriter name='/opt/airflow/logs/postgres_v2/create_postgres_connection/2021-08-09T00:00:00+00:00/1.log'>
[2023-10-01 10:16:20,645] {logging_mixin.py:104} WARNING - 
During handling of the above exception, another exception occurred:
[2023-10-01 10:16:20,725] {logging_mixin.py:104} WARNING - Traceback (most recent call last):
[2023-10-01 10:16:20,753] {logging_mixin.py:104} WARNING -   File "/usr/local/lib/python3.6/logging/__init__.py", line 998, in emit
    self.flush()
[2023-10-01 10:16:20,791] {logging_mixin.py:104} WARNING -   File "/usr/local/lib/python3.6/logging/__init__.py", line 978, in flush
    self.stream.flush()
[2023-10-01 10:16:20,827] {logging_mixin.py:104} WARNING - RuntimeError: reentrant call inside <_io.BufferedWriter name='/opt/airflow/logs/postgres_v2/create_postgres_connection/2021-08-09T00:00:00+00:00/1.log'>
[2023-10-01 10:16:20,850] {logging_mixin.py:104} WARNING - 
During handling of the above exception, another exception occurred:
[2023-10-01 10:16:20,865] {logging_mixin.py:104} WARNING - Traceback (most recent call last):
[2023-10-01 10:16:20,888] {logging_mixin.py:104} WARNING -   File "/usr/local/lib/python3.6/logging/__init__.py", line 998, in emit
    self.flush()
[2023-10-01 10:16:20,916] {logging_mixin.py:104} WARNING -   File "/usr/local/lib/python3.6/logging/__init__.py", line 978, in flush
    self.stream.flush()
[2023-10-01 10:16:20,944] {logging_mixin.py:104} WARNING - RuntimeError: reentrant call inside <_io.BufferedWriter name='/opt/airflow/logs/postgres_v2/create_postgres_connection/2021-08-09T00:00:00+00:00/1.log'>
[2023-10-01 10:16:20,980] {logging_mixin.py:104} WARNING - 
During handling of the above exception, another exception occurred:
[2023-10-01 10:16:21,138] {logging_mixin.py:104} WARNING - Traceback (most recent call last):
[2023-10-01 10:16:21,200] {logging_mixin.py:104} WARNING -   File "/usr/local/lib/python3.6/logging/__init__.py", line 998, in emit
    self.flush()
[2023-10-01 10:16:21,247] {logging_mixin.py:104} WARNING -   File "/usr/local/lib/python3.6/logging/__init__.py", line 978, in flush
    self.stream.flush()
[2023-10-01 10:16:21,250] {logging_mixin.py:104} WARNING - RuntimeError: reentrant call inside <_io.BufferedWriter name='/opt/airflow/logs/postgres_v2/create_postgres_connection/2021-08-09T00:00:00+00:00/1.log'>
[2023-10-01 10:16:21,280] {logging_mixin.py:104} WARNING - 
During handling of the above exception, another exception occurred:
[2023-10-01 10:16:21,302] {logging_mixin.py:104} WARNING - Traceback (most recent call last):
[2023-10-01 10:16:21,306] {logging_mixin.py:104} WARNING -   File "/usr/local/lib/python3.6/logging/__init__.py", line 998, in emit
    self.flush()
[2023-10-01 10:16:21,337] {logging_mixin.py:104} WARNING -   File "/usr/local/lib/python3.6/logging/__init__.py", line 978, in flush
    self.stream.flush()
[2023-10-01 10:16:21,349] {logging_mixin.py:104} WARNING - RuntimeError: reentrant call inside <_io.BufferedWriter name='/opt/airflow/logs/postgres_v2/create_postgres_connection/2021-08-09T00:00:00+00:00/1.log'>
[2023-10-01 10:16:21,367] {logging_mixin.py:104} WARNING - 
During handling of the above exception, another exception occurred:
[2023-10-01 10:16:21,371] {logging_mixin.py:104} WARNING - Traceback (most recent call last):
[2023-10-01 10:16:21,378] {logging_mixin.py:104} WARNING -   File "/usr/local/lib/python3.6/logging/__init__.py", line 998, in emit
    self.flush()
[2023-10-01 10:16:21,380] {logging_mixin.py:104} WARNING -   File "/usr/local/lib/python3.6/logging/__init__.py", line 978, in flush
    self.stream.flush()
[2023-10-01 10:16:21,382] {logging_mixin.py:104} WARNING - RuntimeError: reentrant call inside <_io.BufferedWriter name='/opt/airflow/logs/postgres_v2/create_postgres_connection/2021-08-09T00:00:00+00:00/1.log'>
[2023-10-01 10:16:21,421] {logging_mixin.py:104} WARNING - 
During handling of the above exception, another exception occurred:
[2023-10-01 10:16:21,426] {logging_mixin.py:104} WARNING - Traceback (most recent call last):
[2023-10-01 10:16:21,437] {logging_mixin.py:104} WARNING -   File "/usr/local/lib/python3.6/logging/__init__.py", line 998, in emit
    self.flush()
[2023-10-01 10:16:21,445] {logging_mixin.py:104} WARNING -   File "/usr/local/lib/python3.6/logging/__init__.py", line 978, in flush
    self.stream.flush()
[2023-10-01 10:16:21,454] {logging_mixin.py:104} WARNING - RuntimeError: reentrant call inside <_io.BufferedWriter name='/opt/airflow/logs/postgres_v2/create_postgres_connection/2021-08-09T00:00:00+00:00/1.log'>
[2023-10-01 10:16:21,464] {logging_mixin.py:104} WARNING - 
During handling of the above exception, another exception occurred:
[2023-10-01 10:16:21,472] {logging_mixin.py:104} WARNING - Traceback (most recent call last):
[2023-10-01 10:16:21,485] {logging_mixin.py:104} WARNING -   File "/usr/local/lib/python3.6/logging/__init__.py", line 998, in emit
    self.flush()
[2023-10-01 10:16:21,534] {logging_mixin.py:104} WARNING -   File "/usr/local/lib/python3.6/logging/__init__.py", line 978, in flush
    self.stream.flush()
[2023-10-01 10:16:21,651] {logging_mixin.py:104} WARNING - RuntimeError: reentrant call inside <_io.BufferedWriter name='/opt/airflow/logs/postgres_v2/create_postgres_connection/2021-08-09T00:00:00+00:00/1.log'>
[2023-10-01 10:16:21,656] {logging_mixin.py:104} WARNING - 
During handling of the above exception, another exception occurred:
[2023-10-01 10:16:21,661] {logging_mixin.py:104} WARNING - Traceback (most recent call last):
[2023-10-01 10:16:21,716] {logging_mixin.py:104} WARNING -   File "/usr/local/lib/python3.6/logging/__init__.py", line 998, in emit
    self.flush()
[2023-10-01 10:16:21,745] {logging_mixin.py:104} WARNING -   File "/usr/local/lib/python3.6/logging/__init__.py", line 978, in flush
    self.stream.flush()
[2023-10-01 10:16:21,764] {logging_mixin.py:104} WARNING - RuntimeError: reentrant call inside <_io.BufferedWriter name='/opt/airflow/logs/postgres_v2/create_postgres_connection/2021-08-09T00:00:00+00:00/1.log'>
[2023-10-01 10:16:21,769] {logging_mixin.py:104} WARNING - 
During handling of the above exception, another exception occurred:
[2023-10-01 10:16:21,787] {logging_mixin.py:104} WARNING - Traceback (most recent call last):
[2023-10-01 10:16:21,853] {logging_mixin.py:104} WARNING -   File "/usr/local/lib/python3.6/logging/__init__.py", line 998, in emit
    self.flush()
[2023-10-01 10:16:21,866] {logging_mixin.py:104} WARNING -   File "/usr/local/lib/python3.6/logging/__init__.py", line 978, in flush
    self.stream.flush()
[2023-10-01 10:16:21,909] {logging_mixin.py:104} WARNING - RuntimeError: reentrant call inside <_io.BufferedWriter name='/opt/airflow/logs/postgres_v2/create_postgres_connection/2021-08-09T00:00:00+00:00/1.log'>
[2023-10-01 10:16:21,923] {logging_mixin.py:104} WARNING - 
During handling of the above exception, another exception occurred:
[2023-10-01 10:16:21,950] {logging_mixin.py:104} WARNING - Traceback (most recent call last):
[2023-10-01 10:16:21,954] {logging_mixin.py:104} WARNING -   File "/usr/local/lib/python3.6/logging/__init__.py", line 998, in emit
    self.flush()
[2023-10-01 10:16:21,971] {logging_mixin.py:104} WARNING -   File "/usr/local/lib/python3.6/logging/__init__.py", line 978, in flush
    self.stream.flush()
[2023-10-01 10:16:22,001] {logging_mixin.py:104} WARNING - RuntimeError: reentrant call inside <_io.BufferedWriter name='/opt/airflow/logs/postgres_v2/create_postgres_connection/2021-08-09T00:00:00+00:00/1.log'>
[2023-10-01 10:16:22,020] {logging_mixin.py:104} WARNING - 
During handling of the above exception, another exception occurred:
[2023-10-01 10:16:22,026] {logging_mixin.py:104} WARNING - Traceback (most recent call last):
[2023-10-01 10:16:22,031] {logging_mixin.py:104} WARNING -   File "/usr/local/lib/python3.6/logging/__init__.py", line 998, in emit
    self.flush()
[2023-10-01 10:16:22,050] {logging_mixin.py:104} WARNING -   File "/usr/local/lib/python3.6/logging/__init__.py", line 978, in flush
    self.stream.flush()
[2023-10-01 10:16:22,076] {logging_mixin.py:104} WARNING - RuntimeError: reentrant call inside <_io.BufferedWriter name='/opt/airflow/logs/postgres_v2/create_postgres_connection/2021-08-09T00:00:00+00:00/1.log'>
[2023-10-01 10:16:22,089] {logging_mixin.py:104} WARNING - 
During handling of the above exception, another exception occurred:
[2023-10-01 10:16:22,099] {logging_mixin.py:104} WARNING - Traceback (most recent call last):
[2023-10-01 10:16:22,123] {logging_mixin.py:104} WARNING -   File "/usr/local/lib/python3.6/logging/__init__.py", line 998, in emit
    self.flush()
[2023-10-01 10:16:22,160] {logging_mixin.py:104} WARNING -   File "/usr/local/lib/python3.6/logging/__init__.py", line 978, in flush
    self.stream.flush()
[2023-10-01 10:16:22,184] {logging_mixin.py:104} WARNING - RuntimeError: reentrant call inside <_io.BufferedWriter name='/opt/airflow/logs/postgres_v2/create_postgres_connection/2021-08-09T00:00:00+00:00/1.log'>
[2023-10-01 10:16:22,207] {logging_mixin.py:104} WARNING - 
During handling of the above exception, another exception occurred:
[2023-10-01 10:16:22,212] {logging_mixin.py:104} WARNING - Traceback (most recent call last):
[2023-10-01 10:16:22,248] {logging_mixin.py:104} WARNING -   File "/usr/local/lib/python3.6/logging/__init__.py", line 998, in emit
    self.flush()
[2023-10-01 10:16:22,309] {logging_mixin.py:104} WARNING -   File "/usr/local/lib/python3.6/logging/__init__.py", line 978, in flush
    self.stream.flush()
[2023-10-01 10:16:22,347] {logging_mixin.py:104} WARNING - RuntimeError: reentrant call inside <_io.BufferedWriter name='/opt/airflow/logs/postgres_v2/create_postgres_connection/2021-08-09T00:00:00+00:00/1.log'>
[2023-10-01 10:16:22,350] {logging_mixin.py:104} WARNING - 
During handling of the above exception, another exception occurred:
[2023-10-01 10:16:22,366] {logging_mixin.py:104} WARNING - Traceback (most recent call last):
[2023-10-01 10:16:22,417] {logging_mixin.py:104} WARNING -   File "/usr/local/lib/python3.6/logging/__init__.py", line 998, in emit
    self.flush()
[2023-10-01 10:16:22,478] {logging_mixin.py:104} WARNING -   File "/usr/local/lib/python3.6/logging/__init__.py", line 978, in flush
    self.stream.flush()
[2023-10-01 10:16:22,706] {logging_mixin.py:104} WARNING - RuntimeError: reentrant call inside <_io.BufferedWriter name='/opt/airflow/logs/postgres_v2/create_postgres_connection/2021-08-09T00:00:00+00:00/1.log'>
[2023-10-01 10:16:22,859] {logging_mixin.py:104} WARNING - 
During handling of the above exception, another exception occurred:
[2023-10-01 10:16:22,969] {logging_mixin.py:104} WARNING - Traceback (most recent call last):
[2023-10-01 10:16:23,174] {logging_mixin.py:104} WARNING -   File "/usr/local/lib/python3.6/logging/__init__.py", line 998, in emit
    self.flush()
[2023-10-01 10:16:23,215] {logging_mixin.py:104} WARNING -   File "/usr/local/lib/python3.6/logging/__init__.py", line 978, in flush
    self.stream.flush()
[2023-10-01 10:16:23,221] {logging_mixin.py:104} WARNING - RuntimeError: reentrant call inside <_io.BufferedWriter name='/opt/airflow/logs/postgres_v2/create_postgres_connection/2021-08-09T00:00:00+00:00/1.log'>
[2023-10-01 10:16:23,229] {logging_mixin.py:104} WARNING - 
During handling of the above exception, another exception occurred:
[2023-10-01 10:16:23,235] {logging_mixin.py:104} WARNING - Traceback (most recent call last):
[2023-10-01 10:16:23,269] {logging_mixin.py:104} WARNING -   File "/usr/local/lib/python3.6/logging/__init__.py", line 998, in emit
    self.flush()
[2023-10-01 10:16:23,287] {logging_mixin.py:104} WARNING -   File "/usr/local/lib/python3.6/logging/__init__.py", line 978, in flush
    self.stream.flush()
[2023-10-01 10:16:23,311] {logging_mixin.py:104} WARNING - RuntimeError: reentrant call inside <_io.BufferedWriter name='/opt/airflow/logs/postgres_v2/create_postgres_connection/2021-08-09T00:00:00+00:00/1.log'>
[2023-10-01 10:16:23,317] {logging_mixin.py:104} WARNING - 
During handling of the above exception, another exception occurred:
[2023-10-01 10:16:23,324] {logging_mixin.py:104} WARNING - Traceback (most recent call last):
[2023-10-01 10:16:23,338] {logging_mixin.py:104} WARNING -   File "/usr/local/lib/python3.6/logging/__init__.py", line 998, in emit
    self.flush()
[2023-10-01 10:16:23,374] {logging_mixin.py:104} WARNING -   File "/usr/local/lib/python3.6/logging/__init__.py", line 978, in flush
    self.stream.flush()
[2023-10-01 10:16:23,387] {logging_mixin.py:104} WARNING - RuntimeError: reentrant call inside <_io.BufferedWriter name='/opt/airflow/logs/postgres_v2/create_postgres_connection/2021-08-09T00:00:00+00:00/1.log'>
[2023-10-01 10:16:23,414] {logging_mixin.py:104} WARNING - 
During handling of the above exception, another exception occurred:
[2023-10-01 10:16:23,419] {logging_mixin.py:104} WARNING - Traceback (most recent call last):
[2023-10-01 10:16:23,421] {logging_mixin.py:104} WARNING -   File "/usr/local/lib/python3.6/logging/__init__.py", line 998, in emit
    self.flush()
[2023-10-01 10:16:23,428] {logging_mixin.py:104} WARNING -   File "/usr/local/lib/python3.6/logging/__init__.py", line 978, in flush
    self.stream.flush()
[2023-10-01 10:16:23,451] {logging_mixin.py:104} WARNING - RuntimeError: reentrant call inside <_io.BufferedWriter name='/opt/airflow/logs/postgres_v2/create_postgres_connection/2021-08-09T00:00:00+00:00/1.log'>
[2023-10-01 10:16:23,491] {logging_mixin.py:104} WARNING - 
During handling of the above exception, another exception occurred:
[2023-10-01 10:16:23,597] {logging_mixin.py:104} WARNING - Traceback (most recent call last):
[2023-10-01 10:16:23,747] {logging_mixin.py:104} WARNING -   File "/usr/local/lib/python3.6/logging/__init__.py", line 998, in emit
    self.flush()
[2023-10-01 10:16:23,864] {logging_mixin.py:104} WARNING -   File "/usr/local/lib/python3.6/logging/__init__.py", line 978, in flush
    self.stream.flush()
[2023-10-01 10:16:23,889] {logging_mixin.py:104} WARNING - RuntimeError: reentrant call inside <_io.BufferedWriter name='/opt/airflow/logs/postgres_v2/create_postgres_connection/2021-08-09T00:00:00+00:00/1.log'>
[2023-10-01 10:16:23,935] {logging_mixin.py:104} WARNING - 
During handling of the above exception, another exception occurred:
[2023-10-01 10:16:24,122] {logging_mixin.py:104} WARNING - Traceback (most recent call last):
[2023-10-01 10:16:24,133] {logging_mixin.py:104} WARNING -   File "/usr/local/lib/python3.6/logging/__init__.py", line 998, in emit
    self.flush()
[2023-10-01 10:16:24,137] {logging_mixin.py:104} WARNING -   File "/usr/local/lib/python3.6/logging/__init__.py", line 978, in flush
    self.stream.flush()
[2023-10-01 10:16:24,146] {logging_mixin.py:104} WARNING - RuntimeError: reentrant call inside <_io.BufferedWriter name='/opt/airflow/logs/postgres_v2/create_postgres_connection/2021-08-09T00:00:00+00:00/1.log'>
[2023-10-01 10:16:24,151] {logging_mixin.py:104} WARNING - 
During handling of the above exception, another exception occurred:
[2023-10-01 10:16:24,155] {logging_mixin.py:104} WARNING - Traceback (most recent call last):
[2023-10-01 10:16:24,161] {logging_mixin.py:104} WARNING -   File "/usr/local/lib/python3.6/logging/__init__.py", line 998, in emit
    self.flush()
[2023-10-01 10:16:24,168] {logging_mixin.py:104} WARNING -   File "/usr/local/lib/python3.6/logging/__init__.py", line 978, in flush
    self.stream.flush()
[2023-10-01 10:16:24,172] {logging_mixin.py:104} WARNING - RuntimeError: reentrant call inside <_io.BufferedWriter name='/opt/airflow/logs/postgres_v2/create_postgres_connection/2021-08-09T00:00:00+00:00/1.log'>
[2023-10-01 10:16:24,184] {logging_mixin.py:104} WARNING - 
During handling of the above exception, another exception occurred:
[2023-10-01 10:16:24,200] {logging_mixin.py:104} WARNING - Traceback (most recent call last):
[2023-10-01 10:16:24,207] {logging_mixin.py:104} WARNING -   File "/usr/local/lib/python3.6/logging/__init__.py", line 998, in emit
    self.flush()
[2023-10-01 10:16:24,238] {logging_mixin.py:104} WARNING -   File "/usr/local/lib/python3.6/logging/__init__.py", line 978, in flush
    self.stream.flush()
[2023-10-01 10:16:24,262] {logging_mixin.py:104} WARNING - RuntimeError: reentrant call inside <_io.BufferedWriter name='/opt/airflow/logs/postgres_v2/create_postgres_connection/2021-08-09T00:00:00+00:00/1.log'>
[2023-10-01 10:16:24,269] {logging_mixin.py:104} WARNING - 
During handling of the above exception, another exception occurred:
[2023-10-01 10:16:24,273] {logging_mixin.py:104} WARNING - Traceback (most recent call last):
[2023-10-01 10:16:24,312] {logging_mixin.py:104} WARNING -   File "/usr/local/lib/python3.6/logging/__init__.py", line 998, in emit
    self.flush()
[2023-10-01 10:16:24,322] {logging_mixin.py:104} WARNING -   File "/usr/local/lib/python3.6/logging/__init__.py", line 978, in flush
    self.stream.flush()
[2023-10-01 10:16:24,390] {logging_mixin.py:104} WARNING - RuntimeError: reentrant call inside <_io.BufferedWriter name='/opt/airflow/logs/postgres_v2/create_postgres_connection/2021-08-09T00:00:00+00:00/1.log'>
[2023-10-01 10:16:24,415] {logging_mixin.py:104} WARNING - 
During handling of the above exception, another exception occurred:
[2023-10-01 10:16:24,434] {logging_mixin.py:104} WARNING - Traceback (most recent call last):
[2023-10-01 10:16:24,480] {logging_mixin.py:104} WARNING -   File "/usr/local/lib/python3.6/logging/__init__.py", line 998, in emit
    self.flush()
[2023-10-01 10:16:24,515] {logging_mixin.py:104} WARNING -   File "/usr/local/lib/python3.6/logging/__init__.py", line 978, in flush
    self.stream.flush()
[2023-10-01 10:16:24,546] {logging_mixin.py:104} WARNING - RuntimeError: reentrant call inside <_io.BufferedWriter name='/opt/airflow/logs/postgres_v2/create_postgres_connection/2021-08-09T00:00:00+00:00/1.log'>
[2023-10-01 10:16:24,554] {logging_mixin.py:104} WARNING - 
During handling of the above exception, another exception occurred:
[2023-10-01 10:16:24,570] {logging_mixin.py:104} WARNING - Traceback (most recent call last):
[2023-10-01 10:16:24,580] {logging_mixin.py:104} WARNING -   File "/usr/local/lib/python3.6/logging/__init__.py", line 998, in emit
    self.flush()
[2023-10-01 10:16:24,590] {logging_mixin.py:104} WARNING -   File "/usr/local/lib/python3.6/logging/__init__.py", line 978, in flush
    self.stream.flush()
[2023-10-01 10:16:24,611] {logging_mixin.py:104} WARNING - RuntimeError: reentrant call inside <_io.BufferedWriter name='/opt/airflow/logs/postgres_v2/create_postgres_connection/2021-08-09T00:00:00+00:00/1.log'>
[2023-10-01 10:16:24,631] {logging_mixin.py:104} WARNING - 
During handling of the above exception, another exception occurred:
[2023-10-01 10:16:24,706] {logging_mixin.py:104} WARNING - Traceback (most recent call last):
[2023-10-01 10:16:24,764] {logging_mixin.py:104} WARNING -   File "/usr/local/lib/python3.6/logging/__init__.py", line 998, in emit
    self.flush()
[2023-10-01 10:16:24,769] {logging_mixin.py:104} WARNING -   File "/usr/local/lib/python3.6/logging/__init__.py", line 978, in flush
    self.stream.flush()
[2023-10-01 10:16:24,785] {logging_mixin.py:104} WARNING - RuntimeError: reentrant call inside <_io.BufferedWriter name='/opt/airflow/logs/postgres_v2/create_postgres_connection/2021-08-09T00:00:00+00:00/1.log'>
[2023-10-01 10:16:24,789] {logging_mixin.py:104} WARNING - 
During handling of the above exception, another exception occurred:
[2023-10-01 10:16:24,797] {logging_mixin.py:104} WARNING - Traceback (most recent call last):
[2023-10-01 10:16:24,801] {logging_mixin.py:104} WARNING -   File "/usr/local/lib/python3.6/logging/__init__.py", line 998, in emit
    self.flush()
[2023-10-01 10:16:24,805] {logging_mixin.py:104} WARNING -   File "/usr/local/lib/python3.6/logging/__init__.py", line 978, in flush
    self.stream.flush()
[2023-10-01 10:16:24,813] {logging_mixin.py:104} WARNING - RuntimeError: reentrant call inside <_io.BufferedWriter name='/opt/airflow/logs/postgres_v2/create_postgres_connection/2021-08-09T00:00:00+00:00/1.log'>
[2023-10-01 10:16:24,822] {logging_mixin.py:104} WARNING - 
During handling of the above exception, another exception occurred:
[2023-10-01 10:16:24,839] {logging_mixin.py:104} WARNING - Traceback (most recent call last):
[2023-10-01 10:16:24,879] {logging_mixin.py:104} WARNING -   File "/usr/local/lib/python3.6/logging/__init__.py", line 998, in emit
    self.flush()
[2023-10-01 10:16:24,885] {logging_mixin.py:104} WARNING -   File "/usr/local/lib/python3.6/logging/__init__.py", line 978, in flush
    self.stream.flush()
[2023-10-01 10:16:24,917] {logging_mixin.py:104} WARNING - RuntimeError: reentrant call inside <_io.BufferedWriter name='/opt/airflow/logs/postgres_v2/create_postgres_connection/2021-08-09T00:00:00+00:00/1.log'>
[2023-10-01 10:16:24,923] {logging_mixin.py:104} WARNING - 
During handling of the above exception, another exception occurred:
[2023-10-01 10:16:24,935] {logging_mixin.py:104} WARNING - Traceback (most recent call last):
[2023-10-01 10:16:24,972] {logging_mixin.py:104} WARNING -   File "/usr/local/lib/python3.6/logging/__init__.py", line 998, in emit
    self.flush()
[2023-10-01 10:16:24,974] {logging_mixin.py:104} WARNING -   File "/usr/local/lib/python3.6/logging/__init__.py", line 978, in flush
    self.stream.flush()
[2023-10-01 10:16:25,038] {logging_mixin.py:104} WARNING - RuntimeError: reentrant call inside <_io.BufferedWriter name='/opt/airflow/logs/postgres_v2/create_postgres_connection/2021-08-09T00:00:00+00:00/1.log'>
[2023-10-01 10:16:25,073] {logging_mixin.py:104} WARNING - 
During handling of the above exception, another exception occurred:
[2023-10-01 10:16:25,079] {logging_mixin.py:104} WARNING - Traceback (most recent call last):
[2023-10-01 10:16:25,188] {logging_mixin.py:104} WARNING -   File "/usr/local/lib/python3.6/logging/__init__.py", line 998, in emit
    self.flush()
[2023-10-01 10:16:25,204] {logging_mixin.py:104} WARNING -   File "/usr/local/lib/python3.6/logging/__init__.py", line 978, in flush
    self.stream.flush()
[2023-10-01 10:16:25,206] {logging_mixin.py:104} WARNING - RuntimeError: reentrant call inside <_io.BufferedWriter name='/opt/airflow/logs/postgres_v2/create_postgres_connection/2021-08-09T00:00:00+00:00/1.log'>
[2023-10-01 10:16:25,233] {logging_mixin.py:104} WARNING - 
During handling of the above exception, another exception occurred:
[2023-10-01 10:16:25,238] {logging_mixin.py:104} WARNING - Traceback (most recent call last):
[2023-10-01 10:16:25,253] {logging_mixin.py:104} WARNING -   File "/usr/local/lib/python3.6/logging/__init__.py", line 998, in emit
    self.flush()
[2023-10-01 10:16:25,270] {logging_mixin.py:104} WARNING -   File "/usr/local/lib/python3.6/logging/__init__.py", line 978, in flush
    self.stream.flush()
[2023-10-01 10:16:25,287] {logging_mixin.py:104} WARNING - RuntimeError: reentrant call inside <_io.BufferedWriter name='/opt/airflow/logs/postgres_v2/create_postgres_connection/2021-08-09T00:00:00+00:00/1.log'>
[2023-10-01 10:16:25,305] {logging_mixin.py:104} WARNING - 
During handling of the above exception, another exception occurred:
[2023-10-01 10:16:25,424] {logging_mixin.py:104} WARNING - Traceback (most recent call last):
[2023-10-01 10:16:25,436] {logging_mixin.py:104} WARNING -   File "/usr/local/lib/python3.6/logging/__init__.py", line 998, in emit
    self.flush()
[2023-10-01 10:16:25,482] {logging_mixin.py:104} WARNING -   File "/usr/local/lib/python3.6/logging/__init__.py", line 978, in flush
    self.stream.flush()
[2023-10-01 10:16:25,554] {logging_mixin.py:104} WARNING - RuntimeError: reentrant call inside <_io.BufferedWriter name='/opt/airflow/logs/postgres_v2/create_postgres_connection/2021-08-09T00:00:00+00:00/1.log'>
[2023-10-01 10:16:25,556] {logging_mixin.py:104} WARNING - 
During handling of the above exception, another exception occurred:
[2023-10-01 10:16:25,585] {logging_mixin.py:104} WARNING - Traceback (most recent call last):
[2023-10-01 10:16:25,604] {logging_mixin.py:104} WARNING -   File "/usr/local/lib/python3.6/logging/__init__.py", line 998, in emit
    self.flush()
[2023-10-01 10:16:25,621] {logging_mixin.py:104} WARNING -   File "/usr/local/lib/python3.6/logging/__init__.py", line 978, in flush
    self.stream.flush()
[2023-10-01 10:16:25,669] {logging_mixin.py:104} WARNING - RuntimeError: reentrant call inside <_io.BufferedWriter name='/opt/airflow/logs/postgres_v2/create_postgres_connection/2021-08-09T00:00:00+00:00/1.log'>
[2023-10-01 10:16:25,723] {logging_mixin.py:104} WARNING - 
During handling of the above exception, another exception occurred:
[2023-10-01 10:16:25,811] {logging_mixin.py:104} WARNING - Traceback (most recent call last):
[2023-10-01 10:16:25,834] {logging_mixin.py:104} WARNING -   File "/usr/local/lib/python3.6/logging/__init__.py", line 998, in emit
    self.flush()
[2023-10-01 10:16:26,234] {logging_mixin.py:104} WARNING -   File "/usr/local/lib/python3.6/logging/__init__.py", line 978, in flush
    self.stream.flush()
[2023-10-01 10:16:26,261] {logging_mixin.py:104} WARNING - RuntimeError: reentrant call inside <_io.BufferedWriter name='/opt/airflow/logs/postgres_v2/create_postgres_connection/2021-08-09T00:00:00+00:00/1.log'>
[2023-10-01 10:16:26,274] {logging_mixin.py:104} WARNING - 
During handling of the above exception, another exception occurred:
[2023-10-01 10:16:26,305] {logging_mixin.py:104} WARNING - Traceback (most recent call last):
[2023-10-01 10:16:26,340] {logging_mixin.py:104} WARNING -   File "/usr/local/lib/python3.6/logging/__init__.py", line 998, in emit
    self.flush()
[2023-10-01 10:16:26,343] {logging_mixin.py:104} WARNING -   File "/usr/local/lib/python3.6/logging/__init__.py", line 978, in flush
    self.stream.flush()
[2023-10-01 10:16:26,364] {logging_mixin.py:104} WARNING - RuntimeError: reentrant call inside <_io.BufferedWriter name='/opt/airflow/logs/postgres_v2/create_postgres_connection/2021-08-09T00:00:00+00:00/1.log'>
[2023-10-01 10:16:26,388] {logging_mixin.py:104} WARNING - 
During handling of the above exception, another exception occurred:
[2023-10-01 10:16:26,391] {logging_mixin.py:104} WARNING - Traceback (most recent call last):
[2023-10-01 10:16:26,421] {logging_mixin.py:104} WARNING -   File "/usr/local/lib/python3.6/logging/__init__.py", line 998, in emit
    self.flush()
[2023-10-01 10:16:26,455] {logging_mixin.py:104} WARNING -   File "/usr/local/lib/python3.6/logging/__init__.py", line 978, in flush
    self.stream.flush()
[2023-10-01 10:16:26,457] {logging_mixin.py:104} WARNING - RuntimeError: reentrant call inside <_io.BufferedWriter name='/opt/airflow/logs/postgres_v2/create_postgres_connection/2021-08-09T00:00:00+00:00/1.log'>
[2023-10-01 10:16:26,571] {logging_mixin.py:104} WARNING - 
During handling of the above exception, another exception occurred:
[2023-10-01 10:16:26,587] {logging_mixin.py:104} WARNING - Traceback (most recent call last):
[2023-10-01 10:16:26,590] {logging_mixin.py:104} WARNING -   File "/usr/local/lib/python3.6/logging/__init__.py", line 998, in emit
    self.flush()
[2023-10-01 10:16:26,597] {logging_mixin.py:104} WARNING -   File "/usr/local/lib/python3.6/logging/__init__.py", line 978, in flush
    self.stream.flush()
[2023-10-01 10:16:26,605] {logging_mixin.py:104} WARNING - RuntimeError: reentrant call inside <_io.BufferedWriter name='/opt/airflow/logs/postgres_v2/create_postgres_connection/2021-08-09T00:00:00+00:00/1.log'>
[2023-10-01 10:16:26,607] {logging_mixin.py:104} WARNING - 
During handling of the above exception, another exception occurred:
[2023-10-01 10:16:26,632] {logging_mixin.py:104} WARNING - Traceback (most recent call last):
[2023-10-01 10:16:26,638] {logging_mixin.py:104} WARNING -   File "/usr/local/lib/python3.6/logging/__init__.py", line 998, in emit
    self.flush()
[2023-10-01 10:16:26,661] {logging_mixin.py:104} WARNING -   File "/usr/local/lib/python3.6/logging/__init__.py", line 978, in flush
    self.stream.flush()
[2023-10-01 10:16:26,686] {logging_mixin.py:104} WARNING - RuntimeError: reentrant call inside <_io.BufferedWriter name='/opt/airflow/logs/postgres_v2/create_postgres_connection/2021-08-09T00:00:00+00:00/1.log'>
[2023-10-01 10:16:26,689] {logging_mixin.py:104} WARNING - 
During handling of the above exception, another exception occurred:
[2023-10-01 10:16:26,692] {logging_mixin.py:104} WARNING - Traceback (most recent call last):
[2023-10-01 10:16:26,695] {logging_mixin.py:104} WARNING -   File "/usr/local/lib/python3.6/logging/__init__.py", line 998, in emit
    self.flush()
[2023-10-01 10:16:26,705] {logging_mixin.py:104} WARNING -   File "/usr/local/lib/python3.6/logging/__init__.py", line 978, in flush
    self.stream.flush()
[2023-10-01 10:16:26,712] {logging_mixin.py:104} WARNING - RuntimeError: reentrant call inside <_io.BufferedWriter name='/opt/airflow/logs/postgres_v2/create_postgres_connection/2021-08-09T00:00:00+00:00/1.log'>
[2023-10-01 10:16:26,720] {logging_mixin.py:104} WARNING - 
During handling of the above exception, another exception occurred:
[2023-10-01 10:16:26,723] {logging_mixin.py:104} WARNING - Traceback (most recent call last):
[2023-10-01 10:16:26,731] {logging_mixin.py:104} WARNING -   File "/usr/local/lib/python3.6/logging/__init__.py", line 998, in emit
    self.flush()
[2023-10-01 10:16:26,823] {logging_mixin.py:104} WARNING -   File "/usr/local/lib/python3.6/logging/__init__.py", line 978, in flush
    self.stream.flush()
[2023-10-01 10:16:26,837] {logging_mixin.py:104} WARNING - RuntimeError: reentrant call inside <_io.BufferedWriter name='/opt/airflow/logs/postgres_v2/create_postgres_connection/2021-08-09T00:00:00+00:00/1.log'>
[2023-10-01 10:16:26,839] {logging_mixin.py:104} WARNING - 
During handling of the above exception, another exception occurred:
[2023-10-01 10:16:26,876] {logging_mixin.py:104} WARNING - Traceback (most recent call last):
[2023-10-01 10:16:26,879] {logging_mixin.py:104} WARNING -   File "/usr/local/lib/python3.6/logging/__init__.py", line 998, in emit
    self.flush()
[2023-10-01 10:16:26,884] {logging_mixin.py:104} WARNING -   File "/usr/local/lib/python3.6/logging/__init__.py", line 978, in flush
    self.stream.flush()
[2023-10-01 10:16:26,891] {logging_mixin.py:104} WARNING - RuntimeError: reentrant call inside <_io.BufferedWriter name='/opt/airflow/logs/postgres_v2/create_postgres_connection/2021-08-09T00:00:00+00:00/1.log'>
[2023-10-01 10:16:26,893] {logging_mixin.py:104} WARNING - 
During handling of the above exception, another exception occurred:
[2023-10-01 10:16:26,928] {logging_mixin.py:104} WARNING - Traceback (most recent call last):
[2023-10-01 10:16:26,937] {logging_mixin.py:104} WARNING -   File "/usr/local/lib/python3.6/logging/__init__.py", line 998, in emit
    self.flush()
[2023-10-01 10:16:26,975] {logging_mixin.py:104} WARNING -   File "/usr/local/lib/python3.6/logging/__init__.py", line 978, in flush
    self.stream.flush()
[2023-10-01 10:16:27,027] {logging_mixin.py:104} WARNING - RuntimeError: reentrant call inside <_io.BufferedWriter name='/opt/airflow/logs/postgres_v2/create_postgres_connection/2021-08-09T00:00:00+00:00/1.log'>
[2023-10-01 10:16:27,050] {logging_mixin.py:104} WARNING - 
During handling of the above exception, another exception occurred:
[2023-10-01 10:16:27,117] {logging_mixin.py:104} WARNING - Traceback (most recent call last):
[2023-10-01 10:16:27,216] {logging_mixin.py:104} WARNING -   File "/usr/local/lib/python3.6/logging/__init__.py", line 998, in emit
    self.flush()
[2023-10-01 10:16:27,289] {logging_mixin.py:104} WARNING -   File "/usr/local/lib/python3.6/logging/__init__.py", line 978, in flush
    self.stream.flush()
[2023-10-01 10:16:27,301] {logging_mixin.py:104} WARNING - RuntimeError: reentrant call inside <_io.BufferedWriter name='/opt/airflow/logs/postgres_v2/create_postgres_connection/2021-08-09T00:00:00+00:00/1.log'>
[2023-10-01 10:16:27,310] {logging_mixin.py:104} WARNING - 
During handling of the above exception, another exception occurred:
[2023-10-01 10:16:27,340] {logging_mixin.py:104} WARNING - Traceback (most recent call last):
[2023-10-01 10:16:27,348] {logging_mixin.py:104} WARNING -   File "/usr/local/lib/python3.6/logging/__init__.py", line 998, in emit
    self.flush()
[2023-10-01 10:16:27,432] {logging_mixin.py:104} WARNING -   File "/usr/local/lib/python3.6/logging/__init__.py", line 978, in flush
    self.stream.flush()
[2023-10-01 10:16:27,464] {logging_mixin.py:104} WARNING - RuntimeError: reentrant call inside <_io.BufferedWriter name='/opt/airflow/logs/postgres_v2/create_postgres_connection/2021-08-09T00:00:00+00:00/1.log'>
[2023-10-01 10:16:27,520] {logging_mixin.py:104} WARNING - 
During handling of the above exception, another exception occurred:
[2023-10-01 10:16:27,542] {logging_mixin.py:104} WARNING - Traceback (most recent call last):
[2023-10-01 10:16:27,807] {logging_mixin.py:104} WARNING -   File "/usr/local/lib/python3.6/logging/__init__.py", line 998, in emit
    self.flush()
[2023-10-01 10:16:27,830] {logging_mixin.py:104} WARNING -   File "/usr/local/lib/python3.6/logging/__init__.py", line 978, in flush
    self.stream.flush()
[2023-10-01 10:16:27,874] {logging_mixin.py:104} WARNING - RuntimeError: reentrant call inside <_io.BufferedWriter name='/opt/airflow/logs/postgres_v2/create_postgres_connection/2021-08-09T00:00:00+00:00/1.log'>
[2023-10-01 10:16:27,903] {logging_mixin.py:104} WARNING - 
During handling of the above exception, another exception occurred:
[2023-10-01 10:16:27,940] {logging_mixin.py:104} WARNING - Traceback (most recent call last):
[2023-10-01 10:16:28,008] {logging_mixin.py:104} WARNING -   File "/usr/local/lib/python3.6/logging/__init__.py", line 998, in emit
    self.flush()
[2023-10-01 10:16:28,503] {logging_mixin.py:104} WARNING -   File "/usr/local/lib/python3.6/logging/__init__.py", line 978, in flush
    self.stream.flush()
[2023-10-01 10:16:28,510] {logging_mixin.py:104} WARNING - RuntimeError: reentrant call inside <_io.BufferedWriter name='/opt/airflow/logs/postgres_v2/create_postgres_connection/2021-08-09T00:00:00+00:00/1.log'>
[2023-10-01 10:16:28,527] {logging_mixin.py:104} WARNING - 
During handling of the above exception, another exception occurred:
[2023-10-01 10:16:28,532] {logging_mixin.py:104} WARNING - Traceback (most recent call last):
[2023-10-01 10:16:28,558] {logging_mixin.py:104} WARNING -   File "/usr/local/lib/python3.6/logging/__init__.py", line 998, in emit
    self.flush()
[2023-10-01 10:16:28,573] {logging_mixin.py:104} WARNING -   File "/usr/local/lib/python3.6/logging/__init__.py", line 978, in flush
    self.stream.flush()
[2023-10-01 10:16:28,607] {logging_mixin.py:104} WARNING - RuntimeError: reentrant call inside <_io.BufferedWriter name='/opt/airflow/logs/postgres_v2/create_postgres_connection/2021-08-09T00:00:00+00:00/1.log'>
[2023-10-01 10:16:28,657] {logging_mixin.py:104} WARNING - 
During handling of the above exception, another exception occurred:
[2023-10-01 10:16:28,681] {logging_mixin.py:104} WARNING - Traceback (most recent call last):
[2023-10-01 10:16:28,690] {logging_mixin.py:104} WARNING -   File "/usr/local/lib/python3.6/logging/__init__.py", line 998, in emit
    self.flush()
[2023-10-01 10:16:28,695] {logging_mixin.py:104} WARNING -   File "/usr/local/lib/python3.6/logging/__init__.py", line 978, in flush
    self.stream.flush()
[2023-10-01 10:16:28,711] {logging_mixin.py:104} WARNING - RuntimeError: reentrant call inside <_io.BufferedWriter name='/opt/airflow/logs/postgres_v2/create_postgres_connection/2021-08-09T00:00:00+00:00/1.log'>
[2023-10-01 10:16:28,723] {logging_mixin.py:104} WARNING - 
During handling of the above exception, another exception occurred:
[2023-10-01 10:16:28,777] {logging_mixin.py:104} WARNING - Traceback (most recent call last):
[2023-10-01 10:16:28,808] {logging_mixin.py:104} WARNING -   File "/usr/local/lib/python3.6/logging/__init__.py", line 998, in emit
    self.flush()
[2023-10-01 10:16:28,859] {logging_mixin.py:104} WARNING -   File "/usr/local/lib/python3.6/logging/__init__.py", line 978, in flush
    self.stream.flush()
[2023-10-01 10:16:28,861] {logging_mixin.py:104} WARNING - RuntimeError: reentrant call inside <_io.BufferedWriter name='/opt/airflow/logs/postgres_v2/create_postgres_connection/2021-08-09T00:00:00+00:00/1.log'>
[2023-10-01 10:16:28,862] {logging_mixin.py:104} WARNING - 
During handling of the above exception, another exception occurred:
[2023-10-01 10:16:28,869] {logging_mixin.py:104} WARNING - Traceback (most recent call last):
[2023-10-01 10:16:28,872] {logging_mixin.py:104} WARNING -   File "/usr/local/lib/python3.6/logging/__init__.py", line 998, in emit
    self.flush()
[2023-10-01 10:16:28,878] {logging_mixin.py:104} WARNING -   File "/usr/local/lib/python3.6/logging/__init__.py", line 978, in flush
    self.stream.flush()
[2023-10-01 10:16:28,882] {logging_mixin.py:104} WARNING - RuntimeError: reentrant call inside <_io.BufferedWriter name='/opt/airflow/logs/postgres_v2/create_postgres_connection/2021-08-09T00:00:00+00:00/1.log'>
[2023-10-01 10:16:28,892] {logging_mixin.py:104} WARNING - 
During handling of the above exception, another exception occurred:
[2023-10-01 10:16:28,930] {logging_mixin.py:104} WARNING - Traceback (most recent call last):
[2023-10-01 10:16:29,209] {logging_mixin.py:104} WARNING -   File "/usr/local/lib/python3.6/logging/__init__.py", line 998, in emit
    self.flush()
[2023-10-01 10:16:29,239] {logging_mixin.py:104} WARNING -   File "/usr/local/lib/python3.6/logging/__init__.py", line 978, in flush
    self.stream.flush()
[2023-10-01 10:16:29,252] {logging_mixin.py:104} WARNING - RuntimeError: reentrant call inside <_io.BufferedWriter name='/opt/airflow/logs/postgres_v2/create_postgres_connection/2021-08-09T00:00:00+00:00/1.log'>
[2023-10-01 10:16:29,339] {logging_mixin.py:104} WARNING - 
During handling of the above exception, another exception occurred:
[2023-10-01 10:16:29,412] {logging_mixin.py:104} WARNING - Traceback (most recent call last):
[2023-10-01 10:16:29,473] {logging_mixin.py:104} WARNING -   File "/usr/local/lib/python3.6/logging/__init__.py", line 998, in emit
    self.flush()
[2023-10-01 10:16:29,491] {logging_mixin.py:104} WARNING -   File "/usr/local/lib/python3.6/logging/__init__.py", line 978, in flush
    self.stream.flush()
[2023-10-01 10:16:29,502] {logging_mixin.py:104} WARNING - RuntimeError: reentrant call inside <_io.BufferedWriter name='/opt/airflow/logs/postgres_v2/create_postgres_connection/2021-08-09T00:00:00+00:00/1.log'>
[2023-10-01 10:16:29,556] {logging_mixin.py:104} WARNING - 
During handling of the above exception, another exception occurred:
[2023-10-01 10:16:29,593] {logging_mixin.py:104} WARNING - Traceback (most recent call last):
[2023-10-01 10:16:29,627] {logging_mixin.py:104} WARNING -   File "/usr/local/lib/python3.6/logging/__init__.py", line 998, in emit
    self.flush()
[2023-10-01 10:16:29,637] {logging_mixin.py:104} WARNING -   File "/usr/local/lib/python3.6/logging/__init__.py", line 978, in flush
    self.stream.flush()
[2023-10-01 10:16:29,642] {logging_mixin.py:104} WARNING - RuntimeError: reentrant call inside <_io.BufferedWriter name='/opt/airflow/logs/postgres_v2/create_postgres_connection/2021-08-09T00:00:00+00:00/1.log'>
[2023-10-01 10:16:29,671] {logging_mixin.py:104} WARNING - 
During handling of the above exception, another exception occurred:
[2023-10-01 10:16:29,738] {logging_mixin.py:104} WARNING - Traceback (most recent call last):
[2023-10-01 10:16:29,753] {logging_mixin.py:104} WARNING -   File "/usr/local/lib/python3.6/logging/__init__.py", line 998, in emit
    self.flush()
[2023-10-01 10:16:29,775] {logging_mixin.py:104} WARNING -   File "/usr/local/lib/python3.6/logging/__init__.py", line 978, in flush
    self.stream.flush()
[2023-10-01 10:16:29,782] {logging_mixin.py:104} WARNING - RuntimeError: reentrant call inside <_io.BufferedWriter name='/opt/airflow/logs/postgres_v2/create_postgres_connection/2021-08-09T00:00:00+00:00/1.log'>
[2023-10-01 10:16:29,842] {logging_mixin.py:104} WARNING - 
During handling of the above exception, another exception occurred:
[2023-10-01 10:16:29,852] {logging_mixin.py:104} WARNING - Traceback (most recent call last):
[2023-10-01 10:16:29,869] {logging_mixin.py:104} WARNING -   File "/usr/local/lib/python3.6/logging/__init__.py", line 998, in emit
    self.flush()
[2023-10-01 10:16:29,872] {logging_mixin.py:104} WARNING -   File "/usr/local/lib/python3.6/logging/__init__.py", line 978, in flush
    self.stream.flush()
[2023-10-01 10:16:29,880] {logging_mixin.py:104} WARNING - RuntimeError: reentrant call inside <_io.BufferedWriter name='/opt/airflow/logs/postgres_v2/create_postgres_connection/2021-08-09T00:00:00+00:00/1.log'>
[2023-10-01 10:16:29,894] {logging_mixin.py:104} WARNING - 
During handling of the above exception, another exception occurred:
[2023-10-01 10:16:29,911] {logging_mixin.py:104} WARNING - Traceback (most recent call last):
[2023-10-01 10:16:29,926] {logging_mixin.py:104} WARNING -   File "/usr/local/lib/python3.6/logging/__init__.py", line 998, in emit
    self.flush()
[2023-10-01 10:16:29,988] {logging_mixin.py:104} WARNING -   File "/usr/local/lib/python3.6/logging/__init__.py", line 978, in flush
    self.stream.flush()
[2023-10-01 10:16:29,999] {logging_mixin.py:104} WARNING - RuntimeError: reentrant call inside <_io.BufferedWriter name='/opt/airflow/logs/postgres_v2/create_postgres_connection/2021-08-09T00:00:00+00:00/1.log'>
[2023-10-01 10:16:30,116] {logging_mixin.py:104} WARNING - 
During handling of the above exception, another exception occurred:
[2023-10-01 10:16:30,177] {logging_mixin.py:104} WARNING - Traceback (most recent call last):
[2023-10-01 10:16:30,234] {logging_mixin.py:104} WARNING -   File "/usr/local/lib/python3.6/logging/__init__.py", line 998, in emit
    self.flush()
[2023-10-01 10:16:30,286] {logging_mixin.py:104} WARNING -   File "/usr/local/lib/python3.6/logging/__init__.py", line 978, in flush
    self.stream.flush()
[2023-10-01 10:16:30,349] {logging_mixin.py:104} WARNING - RuntimeError: reentrant call inside <_io.BufferedWriter name='/opt/airflow/logs/postgres_v2/create_postgres_connection/2021-08-09T00:00:00+00:00/1.log'>
[2023-10-01 10:16:30,371] {logging_mixin.py:104} WARNING - 
During handling of the above exception, another exception occurred:
[2023-10-01 10:16:30,412] {logging_mixin.py:104} WARNING - Traceback (most recent call last):
[2023-10-01 10:16:30,478] {logging_mixin.py:104} WARNING -   File "/usr/local/lib/python3.6/logging/__init__.py", line 998, in emit
    self.flush()
[2023-10-01 10:16:30,563] {logging_mixin.py:104} WARNING -   File "/usr/local/lib/python3.6/logging/__init__.py", line 978, in flush
    self.stream.flush()
[2023-10-01 10:16:30,584] {logging_mixin.py:104} WARNING - RuntimeError: reentrant call inside <_io.BufferedWriter name='/opt/airflow/logs/postgres_v2/create_postgres_connection/2021-08-09T00:00:00+00:00/1.log'>
[2023-10-01 10:16:30,644] {logging_mixin.py:104} WARNING - 
During handling of the above exception, another exception occurred:
[2023-10-01 10:16:30,791] {logging_mixin.py:104} WARNING - Traceback (most recent call last):
[2023-10-01 10:16:30,922] {logging_mixin.py:104} WARNING -   File "/usr/local/lib/python3.6/logging/__init__.py", line 998, in emit
    self.flush()
[2023-10-01 10:16:31,025] {logging_mixin.py:104} WARNING -   File "/usr/local/lib/python3.6/logging/__init__.py", line 978, in flush
    self.stream.flush()
[2023-10-01 10:16:31,362] {logging_mixin.py:104} WARNING - RuntimeError: reentrant call inside <_io.BufferedWriter name='/opt/airflow/logs/postgres_v2/create_postgres_connection/2021-08-09T00:00:00+00:00/1.log'>
[2023-10-01 10:16:32,318] {logging_mixin.py:104} WARNING - 
During handling of the above exception, another exception occurred:
[2023-10-01 10:16:32,595] {logging_mixin.py:104} WARNING - Traceback (most recent call last):
[2023-10-01 10:16:32,612] {logging_mixin.py:104} WARNING -   File "/usr/local/lib/python3.6/logging/__init__.py", line 998, in emit
    self.flush()
[2023-10-01 10:16:33,683] {logging_mixin.py:104} WARNING -   File "/usr/local/lib/python3.6/logging/__init__.py", line 978, in flush
    self.stream.flush()
[2023-10-01 10:16:33,830] {logging_mixin.py:104} WARNING - RuntimeError: reentrant call inside <_io.BufferedWriter name='/opt/airflow/logs/postgres_v2/create_postgres_connection/2021-08-09T00:00:00+00:00/1.log'>
[2023-10-01 10:16:33,980] {logging_mixin.py:104} WARNING - 
During handling of the above exception, another exception occurred:
[2023-10-01 10:16:34,378] {logging_mixin.py:104} WARNING - Traceback (most recent call last):
[2023-10-01 10:16:34,402] {logging_mixin.py:104} WARNING -   File "/usr/local/lib/python3.6/logging/__init__.py", line 998, in emit
    self.flush()
[2023-10-01 10:16:34,504] {logging_mixin.py:104} WARNING -   File "/usr/local/lib/python3.6/logging/__init__.py", line 978, in flush
    self.stream.flush()
[2023-10-01 10:16:34,566] {logging_mixin.py:104} WARNING - RuntimeError: reentrant call inside <_io.BufferedWriter name='/opt/airflow/logs/postgres_v2/create_postgres_connection/2021-08-09T00:00:00+00:00/1.log'>
[2023-10-01 10:16:34,611] {logging_mixin.py:104} WARNING - 
During handling of the above exception, another exception occurred:
[2023-10-01 10:16:34,692] {logging_mixin.py:104} WARNING - Traceback (most recent call last):
[2023-10-01 10:16:35,367] {logging_mixin.py:104} WARNING -   File "/usr/local/lib/python3.6/logging/__init__.py", line 998, in emit
    self.flush()
[2023-10-01 10:16:35,452] {logging_mixin.py:104} WARNING -   File "/usr/local/lib/python3.6/logging/__init__.py", line 978, in flush
    self.stream.flush()
[2023-10-01 10:16:35,559] {logging_mixin.py:104} WARNING - RuntimeError: reentrant call inside <_io.BufferedWriter name='/opt/airflow/logs/postgres_v2/create_postgres_connection/2021-08-09T00:00:00+00:00/1.log'>
[2023-10-01 10:16:37,124] {logging_mixin.py:104} WARNING - 
During handling of the above exception, another exception occurred:
[2023-10-01 10:16:37,194] {logging_mixin.py:104} WARNING - Traceback (most recent call last):
[2023-10-01 10:16:37,471] {logging_mixin.py:104} WARNING -   File "/usr/local/lib/python3.6/logging/__init__.py", line 998, in emit
    self.flush()
[2023-10-01 10:16:37,505] {logging_mixin.py:104} WARNING -   File "/usr/local/lib/python3.6/logging/__init__.py", line 978, in flush
    self.stream.flush()
[2023-10-01 10:16:37,705] {logging_mixin.py:104} WARNING - RuntimeError: reentrant call inside <_io.BufferedWriter name='/opt/airflow/logs/postgres_v2/create_postgres_connection/2021-08-09T00:00:00+00:00/1.log'>
[2023-10-01 10:16:37,877] {logging_mixin.py:104} WARNING - 
During handling of the above exception, another exception occurred:
[2023-10-01 10:16:38,918] {logging_mixin.py:104} WARNING - Traceback (most recent call last):
[2023-10-01 10:16:40,207] {logging_mixin.py:104} WARNING -   File "/usr/local/lib/python3.6/logging/__init__.py", line 998, in emit
    self.flush()
[2023-10-01 10:16:40,253] {logging_mixin.py:104} WARNING -   File "/usr/local/lib/python3.6/logging/__init__.py", line 978, in flush
    self.stream.flush()
[2023-10-01 10:16:40,261] {logging_mixin.py:104} WARNING - RuntimeError: reentrant call inside <_io.BufferedWriter name='/opt/airflow/logs/postgres_v2/create_postgres_connection/2021-08-09T00:00:00+00:00/1.log'>
[2023-10-01 10:16:40,269] {logging_mixin.py:104} WARNING - 
During handling of the above exception, another exception occurred:
[2023-10-01 10:16:40,326] {logging_mixin.py:104} WARNING - Traceback (most recent call last):
[2023-10-01 10:16:40,423] {logging_mixin.py:104} WARNING -   File "/usr/local/lib/python3.6/logging/__init__.py", line 998, in emit
    self.flush()
[2023-10-01 10:16:40,495] {logging_mixin.py:104} WARNING -   File "/usr/local/lib/python3.6/logging/__init__.py", line 978, in flush
    self.stream.flush()
[2023-10-01 10:16:40,533] {logging_mixin.py:104} WARNING - RuntimeError: reentrant call inside <_io.BufferedWriter name='/opt/airflow/logs/postgres_v2/create_postgres_connection/2021-08-09T00:00:00+00:00/1.log'>
[2023-10-01 10:16:40,876] {logging_mixin.py:104} WARNING - 
During handling of the above exception, another exception occurred:
[2023-10-01 10:16:41,538] {logging_mixin.py:104} WARNING - Traceback (most recent call last):
[2023-10-01 10:16:41,544] {logging_mixin.py:104} WARNING -   File "/usr/local/lib/python3.6/logging/__init__.py", line 998, in emit
    self.flush()
[2023-10-01 10:16:41,546] {logging_mixin.py:104} WARNING -   File "/usr/local/lib/python3.6/logging/__init__.py", line 978, in flush
    self.stream.flush()
[2023-10-01 10:16:41,551] {logging_mixin.py:104} WARNING - RuntimeError: reentrant call inside <_io.BufferedWriter name='/opt/airflow/logs/postgres_v2/create_postgres_connection/2021-08-09T00:00:00+00:00/1.log'>
[2023-10-01 10:16:41,569] {logging_mixin.py:104} WARNING - 
During handling of the above exception, another exception occurred:
[2023-10-01 10:16:41,619] {logging_mixin.py:104} WARNING - Traceback (most recent call last):
[2023-10-01 10:16:41,650] {logging_mixin.py:104} WARNING -   File "/usr/local/lib/python3.6/logging/__init__.py", line 998, in emit
    self.flush()
[2023-10-01 10:16:41,672] {logging_mixin.py:104} WARNING -   File "/usr/local/lib/python3.6/logging/__init__.py", line 978, in flush
    self.stream.flush()
[2023-10-01 10:16:41,683] {logging_mixin.py:104} WARNING - RuntimeError: reentrant call inside <_io.BufferedWriter name='/opt/airflow/logs/postgres_v2/create_postgres_connection/2021-08-09T00:00:00+00:00/1.log'>
[2023-10-01 10:16:41,735] {logging_mixin.py:104} WARNING - 
During handling of the above exception, another exception occurred:
[2023-10-01 10:16:41,778] {logging_mixin.py:104} WARNING - Traceback (most recent call last):
[2023-10-01 10:16:41,786] {logging_mixin.py:104} WARNING -   File "/usr/local/lib/python3.6/logging/__init__.py", line 998, in emit
    self.flush()
[2023-10-01 10:16:41,789] {logging_mixin.py:104} WARNING -   File "/usr/local/lib/python3.6/logging/__init__.py", line 978, in flush
    self.stream.flush()
[2023-10-01 10:16:41,791] {logging_mixin.py:104} WARNING - RuntimeError: reentrant call inside <_io.BufferedWriter name='/opt/airflow/logs/postgres_v2/create_postgres_connection/2021-08-09T00:00:00+00:00/1.log'>
[2023-10-01 10:16:41,797] {logging_mixin.py:104} WARNING - 
During handling of the above exception, another exception occurred:
[2023-10-01 10:16:41,807] {logging_mixin.py:104} WARNING - Traceback (most recent call last):
[2023-10-01 10:16:41,816] {logging_mixin.py:104} WARNING -   File "/usr/local/lib/python3.6/logging/__init__.py", line 998, in emit
    self.flush()
[2023-10-01 10:16:41,829] {logging_mixin.py:104} WARNING -   File "/usr/local/lib/python3.6/logging/__init__.py", line 978, in flush
    self.stream.flush()
[2023-10-01 10:16:42,270] {logging_mixin.py:104} WARNING - RuntimeError: reentrant call inside <_io.BufferedWriter name='/opt/airflow/logs/postgres_v2/create_postgres_connection/2021-08-09T00:00:00+00:00/1.log'>
[2023-10-01 10:16:42,273] {logging_mixin.py:104} WARNING - 
During handling of the above exception, another exception occurred:
[2023-10-01 10:16:42,279] {logging_mixin.py:104} WARNING - Traceback (most recent call last):
[2023-10-01 10:16:42,307] {logging_mixin.py:104} WARNING -   File "/usr/local/lib/python3.6/logging/__init__.py", line 998, in emit
    self.flush()
[2023-10-01 10:16:42,315] {logging_mixin.py:104} WARNING -   File "/usr/local/lib/python3.6/logging/__init__.py", line 978, in flush
    self.stream.flush()
[2023-10-01 10:16:42,325] {logging_mixin.py:104} WARNING - RuntimeError: reentrant call inside <_io.BufferedWriter name='/opt/airflow/logs/postgres_v2/create_postgres_connection/2021-08-09T00:00:00+00:00/1.log'>
[2023-10-01 10:16:42,390] {logging_mixin.py:104} WARNING - 
During handling of the above exception, another exception occurred:
[2023-10-01 10:16:42,550] {logging_mixin.py:104} WARNING - Traceback (most recent call last):
[2023-10-01 10:16:42,630] {logging_mixin.py:104} WARNING -   File "/usr/local/lib/python3.6/logging/__init__.py", line 998, in emit
    self.flush()
[2023-10-01 10:16:42,640] {logging_mixin.py:104} WARNING -   File "/usr/local/lib/python3.6/logging/__init__.py", line 978, in flush
    self.stream.flush()
[2023-10-01 10:16:42,644] {logging_mixin.py:104} WARNING - RuntimeError: reentrant call inside <_io.BufferedWriter name='/opt/airflow/logs/postgres_v2/create_postgres_connection/2021-08-09T00:00:00+00:00/1.log'>
[2023-10-01 10:16:42,671] {logging_mixin.py:104} WARNING - 
During handling of the above exception, another exception occurred:
[2023-10-01 10:16:42,691] {logging_mixin.py:104} WARNING - Traceback (most recent call last):
[2023-10-01 10:16:42,704] {logging_mixin.py:104} WARNING -   File "/usr/local/lib/python3.6/logging/__init__.py", line 998, in emit
    self.flush()
[2023-10-01 10:16:42,736] {logging_mixin.py:104} WARNING -   File "/usr/local/lib/python3.6/logging/__init__.py", line 978, in flush
    self.stream.flush()
[2023-10-01 10:16:42,753] {logging_mixin.py:104} WARNING - RuntimeError: reentrant call inside <_io.BufferedWriter name='/opt/airflow/logs/postgres_v2/create_postgres_connection/2021-08-09T00:00:00+00:00/1.log'>
[2023-10-01 10:16:42,755] {logging_mixin.py:104} WARNING - 
During handling of the above exception, another exception occurred:
[2023-10-01 10:16:42,758] {logging_mixin.py:104} WARNING - Traceback (most recent call last):
[2023-10-01 10:16:42,763] {logging_mixin.py:104} WARNING -   File "/usr/local/lib/python3.6/logging/__init__.py", line 998, in emit
    self.flush()
[2023-10-01 10:16:42,770] {logging_mixin.py:104} WARNING -   File "/usr/local/lib/python3.6/logging/__init__.py", line 978, in flush
    self.stream.flush()
[2023-10-01 10:16:42,773] {logging_mixin.py:104} WARNING - RuntimeError: reentrant call inside <_io.BufferedWriter name='/opt/airflow/logs/postgres_v2/create_postgres_connection/2021-08-09T00:00:00+00:00/1.log'>
[2023-10-01 10:16:42,779] {logging_mixin.py:104} WARNING - 
During handling of the above exception, another exception occurred:
[2023-10-01 10:16:42,801] {logging_mixin.py:104} WARNING - Traceback (most recent call last):
[2023-10-01 10:16:42,932] {logging_mixin.py:104} WARNING -   File "/usr/local/lib/python3.6/logging/__init__.py", line 998, in emit
    self.flush()
[2023-10-01 10:16:42,938] {logging_mixin.py:104} WARNING -   File "/usr/local/lib/python3.6/logging/__init__.py", line 978, in flush
    self.stream.flush()
[2023-10-01 10:16:42,957] {logging_mixin.py:104} WARNING - RuntimeError: reentrant call inside <_io.BufferedWriter name='/opt/airflow/logs/postgres_v2/create_postgres_connection/2021-08-09T00:00:00+00:00/1.log'>
[2023-10-01 10:16:42,960] {logging_mixin.py:104} WARNING - 
During handling of the above exception, another exception occurred:
[2023-10-01 10:16:42,970] {logging_mixin.py:104} WARNING - Traceback (most recent call last):
[2023-10-01 10:16:43,004] {logging_mixin.py:104} WARNING -   File "/usr/local/lib/python3.6/logging/__init__.py", line 998, in emit
    self.flush()
[2023-10-01 10:16:43,020] {logging_mixin.py:104} WARNING -   File "/usr/local/lib/python3.6/logging/__init__.py", line 978, in flush
    self.stream.flush()
[2023-10-01 10:16:43,106] {logging_mixin.py:104} WARNING - RuntimeError: reentrant call inside <_io.BufferedWriter name='/opt/airflow/logs/postgres_v2/create_postgres_connection/2021-08-09T00:00:00+00:00/1.log'>
[2023-10-01 10:16:43,154] {logging_mixin.py:104} WARNING - 
During handling of the above exception, another exception occurred:
[2023-10-01 10:16:43,186] {logging_mixin.py:104} WARNING - Traceback (most recent call last):
[2023-10-01 10:16:43,193] {logging_mixin.py:104} WARNING -   File "/usr/local/lib/python3.6/logging/__init__.py", line 998, in emit
    self.flush()
[2023-10-01 10:16:43,215] {logging_mixin.py:104} WARNING -   File "/usr/local/lib/python3.6/logging/__init__.py", line 978, in flush
    self.stream.flush()
[2023-10-01 10:16:43,421] {logging_mixin.py:104} WARNING - RuntimeError: reentrant call inside <_io.BufferedWriter name='/opt/airflow/logs/postgres_v2/create_postgres_connection/2021-08-09T00:00:00+00:00/1.log'>
[2023-10-01 10:16:43,467] {logging_mixin.py:104} WARNING - 
During handling of the above exception, another exception occurred:
[2023-10-01 10:16:43,497] {logging_mixin.py:104} WARNING - Traceback (most recent call last):
[2023-10-01 10:16:43,544] {logging_mixin.py:104} WARNING -   File "/usr/local/lib/python3.6/logging/__init__.py", line 998, in emit
    self.flush()
[2023-10-01 10:16:43,561] {logging_mixin.py:104} WARNING -   File "/usr/local/lib/python3.6/logging/__init__.py", line 978, in flush
    self.stream.flush()
[2023-10-01 10:16:43,589] {logging_mixin.py:104} WARNING - RuntimeError: reentrant call inside <_io.BufferedWriter name='/opt/airflow/logs/postgres_v2/create_postgres_connection/2021-08-09T00:00:00+00:00/1.log'>
[2023-10-01 10:16:43,606] {logging_mixin.py:104} WARNING - 
During handling of the above exception, another exception occurred:
[2023-10-01 10:16:43,614] {logging_mixin.py:104} WARNING - Traceback (most recent call last):
[2023-10-01 10:16:43,708] {logging_mixin.py:104} WARNING -   File "/usr/local/lib/python3.6/logging/__init__.py", line 998, in emit
    self.flush()
[2023-10-01 10:16:43,726] {logging_mixin.py:104} WARNING -   File "/usr/local/lib/python3.6/logging/__init__.py", line 978, in flush
    self.stream.flush()
[2023-10-01 10:16:43,774] {logging_mixin.py:104} WARNING - RuntimeError: reentrant call inside <_io.BufferedWriter name='/opt/airflow/logs/postgres_v2/create_postgres_connection/2021-08-09T00:00:00+00:00/1.log'>
[2023-10-01 10:16:43,805] {logging_mixin.py:104} WARNING - 
During handling of the above exception, another exception occurred:
[2023-10-01 10:16:43,809] {logging_mixin.py:104} WARNING - Traceback (most recent call last):
[2023-10-01 10:16:43,886] {logging_mixin.py:104} WARNING -   File "/usr/local/lib/python3.6/logging/__init__.py", line 998, in emit
    self.flush()
[2023-10-01 10:16:43,908] {logging_mixin.py:104} WARNING -   File "/usr/local/lib/python3.6/logging/__init__.py", line 978, in flush
    self.stream.flush()
[2023-10-01 10:16:44,004] {logging_mixin.py:104} WARNING - RuntimeError: reentrant call inside <_io.BufferedWriter name='/opt/airflow/logs/postgres_v2/create_postgres_connection/2021-08-09T00:00:00+00:00/1.log'>
[2023-10-01 10:16:44,062] {logging_mixin.py:104} WARNING - 
During handling of the above exception, another exception occurred:
[2023-10-01 10:16:44,105] {logging_mixin.py:104} WARNING - Traceback (most recent call last):
[2023-10-01 10:16:44,108] {logging_mixin.py:104} WARNING -   File "/usr/local/lib/python3.6/logging/__init__.py", line 998, in emit
    self.flush()
[2023-10-01 10:16:44,129] {logging_mixin.py:104} WARNING -   File "/usr/local/lib/python3.6/logging/__init__.py", line 978, in flush
    self.stream.flush()
[2023-10-01 10:16:44,154] {logging_mixin.py:104} WARNING - RuntimeError: reentrant call inside <_io.BufferedWriter name='/opt/airflow/logs/postgres_v2/create_postgres_connection/2021-08-09T00:00:00+00:00/1.log'>
[2023-10-01 10:16:44,189] {logging_mixin.py:104} WARNING - 
During handling of the above exception, another exception occurred:
[2023-10-01 10:16:44,212] {logging_mixin.py:104} WARNING - Traceback (most recent call last):
[2023-10-01 10:16:44,240] {logging_mixin.py:104} WARNING -   File "/usr/local/lib/python3.6/logging/__init__.py", line 998, in emit
    self.flush()
[2023-10-01 10:16:44,289] {logging_mixin.py:104} WARNING -   File "/usr/local/lib/python3.6/logging/__init__.py", line 978, in flush
    self.stream.flush()
[2023-10-01 10:16:44,307] {logging_mixin.py:104} WARNING - RuntimeError: reentrant call inside <_io.BufferedWriter name='/opt/airflow/logs/postgres_v2/create_postgres_connection/2021-08-09T00:00:00+00:00/1.log'>
[2023-10-01 10:16:44,323] {logging_mixin.py:104} WARNING - 
During handling of the above exception, another exception occurred:
[2023-10-01 10:16:44,362] {logging_mixin.py:104} WARNING - Traceback (most recent call last):
[2023-10-01 10:16:44,377] {logging_mixin.py:104} WARNING -   File "/usr/local/lib/python3.6/logging/__init__.py", line 998, in emit
    self.flush()
[2023-10-01 10:16:44,389] {logging_mixin.py:104} WARNING -   File "/usr/local/lib/python3.6/logging/__init__.py", line 978, in flush
    self.stream.flush()
[2023-10-01 10:16:44,459] {logging_mixin.py:104} WARNING - RuntimeError: reentrant call inside <_io.BufferedWriter name='/opt/airflow/logs/postgres_v2/create_postgres_connection/2021-08-09T00:00:00+00:00/1.log'>
[2023-10-01 10:16:44,497] {logging_mixin.py:104} WARNING - 
During handling of the above exception, another exception occurred:
[2023-10-01 10:16:44,567] {logging_mixin.py:104} WARNING - Traceback (most recent call last):
[2023-10-01 10:16:44,574] {logging_mixin.py:104} WARNING -   File "/usr/local/lib/python3.6/logging/__init__.py", line 998, in emit
    self.flush()
[2023-10-01 10:16:44,719] {logging_mixin.py:104} WARNING -   File "/usr/local/lib/python3.6/logging/__init__.py", line 978, in flush
    self.stream.flush()
[2023-10-01 10:16:45,871] {logging_mixin.py:104} WARNING - RuntimeError: reentrant call inside <_io.BufferedWriter name='/opt/airflow/logs/postgres_v2/create_postgres_connection/2021-08-09T00:00:00+00:00/1.log'>
[2023-10-01 10:16:45,937] {logging_mixin.py:104} WARNING - 
During handling of the above exception, another exception occurred:
[2023-10-01 10:16:45,964] {logging_mixin.py:104} WARNING - Traceback (most recent call last):
[2023-10-01 10:16:46,015] {logging_mixin.py:104} WARNING -   File "/usr/local/lib/python3.6/logging/__init__.py", line 998, in emit
    self.flush()
[2023-10-01 10:16:46,057] {logging_mixin.py:104} WARNING -   File "/usr/local/lib/python3.6/logging/__init__.py", line 978, in flush
    self.stream.flush()
[2023-10-01 10:16:46,157] {logging_mixin.py:104} WARNING - RuntimeError: reentrant call inside <_io.BufferedWriter name='/opt/airflow/logs/postgres_v2/create_postgres_connection/2021-08-09T00:00:00+00:00/1.log'>
[2023-10-01 10:16:46,208] {logging_mixin.py:104} WARNING - 
During handling of the above exception, another exception occurred:
[2023-10-01 10:16:46,419] {logging_mixin.py:104} WARNING - Traceback (most recent call last):
[2023-10-01 10:16:46,437] {logging_mixin.py:104} WARNING -   File "/usr/local/lib/python3.6/logging/__init__.py", line 998, in emit
    self.flush()
[2023-10-01 10:16:46,469] {logging_mixin.py:104} WARNING -   File "/usr/local/lib/python3.6/logging/__init__.py", line 978, in flush
    self.stream.flush()
[2023-10-01 10:16:46,516] {logging_mixin.py:104} WARNING - RuntimeError: reentrant call inside <_io.BufferedWriter name='/opt/airflow/logs/postgres_v2/create_postgres_connection/2021-08-09T00:00:00+00:00/1.log'>
[2023-10-01 10:16:46,709] {logging_mixin.py:104} WARNING - 
During handling of the above exception, another exception occurred:
[2023-10-01 10:16:46,718] {logging_mixin.py:104} WARNING - Traceback (most recent call last):
[2023-10-01 10:16:46,816] {logging_mixin.py:104} WARNING -   File "/usr/local/lib/python3.6/logging/__init__.py", line 998, in emit
    self.flush()
[2023-10-01 10:16:46,900] {logging_mixin.py:104} WARNING -   File "/usr/local/lib/python3.6/logging/__init__.py", line 978, in flush
    self.stream.flush()
[2023-10-01 10:16:47,012] {logging_mixin.py:104} WARNING - RuntimeError: reentrant call inside <_io.BufferedWriter name='/opt/airflow/logs/postgres_v2/create_postgres_connection/2021-08-09T00:00:00+00:00/1.log'>
[2023-10-01 10:16:47,164] {logging_mixin.py:104} WARNING - 
During handling of the above exception, another exception occurred:
[2023-10-01 10:16:47,214] {logging_mixin.py:104} WARNING - Traceback (most recent call last):
[2023-10-01 10:16:47,235] {logging_mixin.py:104} WARNING -   File "/usr/local/lib/python3.6/logging/__init__.py", line 998, in emit
    self.flush()
[2023-10-01 10:16:47,447] {logging_mixin.py:104} WARNING -   File "/usr/local/lib/python3.6/logging/__init__.py", line 978, in flush
    self.stream.flush()
[2023-10-01 10:16:41,707] {process_utils.py:113} WARNING - process psutil.Process(pid=47784, name='airflow task ru', status='running', started='10:15:23') did not respond to SIGTERM. Trying SIGKILL
[2023-10-01 10:17:00,403] {process_utils.py:66} INFO - Process psutil.Process(pid=47784, name='airflow task ru', status='terminated', exitcode=<Negsignal.SIGKILL: -9>, started='10:15:23') (47784) terminated with exit code Negsignal.SIGKILL
